[ INFO ] >>>  log-name [ admin.log ] : date [ 2025-08-14 17:24:57 ] : file-name [ Admin.py ] : file-path[ /home/savjaylade84/Documents/python_project/python-bank-system/Admin/Admin.py ] :	module [ Admin - View_List - 64 ] : message [ admin => view account list ]
[ INFO ] >>>  log-name [ admin.log ] : date [ 2025-08-14 17:25:14 ] : file-name [ Admin.py ] : file-path[ /home/savjaylade84/Documents/python_project/python-bank-system/Admin/Admin.py ] :	module [ Admin - View_Account_History - 84 ] : message [ admin => view account:000-000-0001 history ]
[ INFO ] >>>  log-name [ admin.log ] : date [ 2025-08-14 17:26:02 ] : file-name [ Admin.py ] : file-path[ /home/savjaylade84/Documents/python_project/python-bank-system/Admin/Admin.py ] :	module [ Admin - View_Account_History - 84 ] : message [ admin => view account:000-000-0001 history ]
[ INFO ] >>>  log-name [ admin.log ] : date [ 2025-08-14 17:28:01 ] : file-name [ Admin.py ] : file-path[ /home/savjaylade84/Documents/python_project/python-bank-system/Admin/Admin.py ] :	module [ Admin - View_Account_History - 84 ] : message [ admin => view account:000-000-0001 history ]
[ INFO ] >>>  log-name [ admin.log ] : date [ 2025-08-14 17:29:04 ] : file-name [ Admin.py ] : file-path[ /home/savjaylade84/Documents/python_project/python-bank-system/Admin/Admin.py ] :	module [ Admin - View_List - 64 ] : message [ admin => view account list ]
[ INFO ] >>>  log-name [ admin.log ] : date [ 2025-08-14 17:29:32 ] : file-name [ Admin.py ] : file-path[ /home/savjaylade84/Documents/python_project/python-bank-system/Admin/Admin.py ] :	module [ Admin - View_Edited_Account_History - 124 ] : message [ admin => view edited accounts history ]
[ INFO ] >>>  log-name [ admin.log ] : date [ 2025-08-16 21:45:06 ] : file-name [ Admin.py ] : file-path[ /home/savjaylade84/Documents/python_project/python-bank-system/Admin/Admin.py ] :	module [ Admin - Login - 226 ] : message [ False ]
[ INFO ] >>>  log-name [ admin.log ] : date [ 2025-08-16 21:47:34 ] : file-name [ Admin.py ] : file-path[ /home/savjaylade84/Documents/python_project/python-bank-system/Admin/Admin.py ] :	module [ Admin - Login - 226 ] : message [ False ]
[ INFO ] >>>  log-name [ admin.log ] : date [ 2025-08-16 21:47:35 ] : file-name [ Admin.py ] : file-path[ /home/savjaylade84/Documents/python_project/python-bank-system/Admin/Admin.py ] :	module [ Admin - Login - 226 ] : message [ False ]
[ INFO ] >>>  log-name [ admin.log ] : date [ 2025-08-16 21:47:35 ] : file-name [ Admin.py ] : file-path[ /home/savjaylade84/Documents/python_project/python-bank-system/Admin/Admin.py ] :	module [ Admin - Login - 226 ] : message [ False ]
[ INFO ] >>>  log-name [ admin.log ] : date [ 2025-08-16 21:47:36 ] : file-name [ Admin.py ] : file-path[ /home/savjaylade84/Documents/python_project/python-bank-system/Admin/Admin.py ] :	module [ Admin - Login - 226 ] : message [ False ]
[ INFO ] >>>  log-name [ admin.log ] : date [ 2025-08-16 21:50:12 ] : file-name [ Admin.py ] : file-path[ /home/savjaylade84/Documents/python_project/python-bank-system/Admin/Admin.py ] :	module [ Admin - Login - 222 ] : message [ False ]
[ INFO ] >>>  log-name [ admin.log ] : date [ 2025-08-16 21:50:20 ] : file-name [ Admin.py ] : file-path[ /home/savjaylade84/Documents/python_project/python-bank-system/Admin/Admin.py ] :	module [ Admin - Login - 222 ] : message [ False ]
[ INFO ] >>>  log-name [ admin.log ] : date [ 2025-08-16 21:50:28 ] : file-name [ Admin.py ] : file-path[ /home/savjaylade84/Documents/python_project/python-bank-system/Admin/Admin.py ] :	module [ Admin - Login - 222 ] : message [ False ]
[ INFO ] >>>  log-name [ admin.log ] : date [ 2025-08-16 21:51:22 ] : file-name [ Admin.py ] : file-path[ /home/savjaylade84/Documents/python_project/python-bank-system/Admin/Admin.py ] :	module [ Admin - Login - 222 ] : message [ False ]
[ INFO ] >>>  log-name [ admin.log ] : date [ 2025-08-16 21:51:24 ] : file-name [ Admin.py ] : file-path[ /home/savjaylade84/Documents/python_project/python-bank-system/Admin/Admin.py ] :	module [ Admin - Login - 222 ] : message [ False ]
[ INFO ] >>>  log-name [ admin.log ] : date [ 2025-08-16 21:51:26 ] : file-name [ Admin.py ] : file-path[ /home/savjaylade84/Documents/python_project/python-bank-system/Admin/Admin.py ] :	module [ Admin - Login - 222 ] : message [ False ]
[ INFO ] >>>  log-name [ admin.log ] : date [ 2025-08-16 21:51:28 ] : file-name [ Admin.py ] : file-path[ /home/savjaylade84/Documents/python_project/python-bank-system/Admin/Admin.py ] :	module [ Admin - Login - 222 ] : message [ False ]
[ INFO ] >>>  log-name [ admin.log ] : date [ 2025-08-16 21:51:47 ] : file-name [ Admin.py ] : file-path[ /home/savjaylade84/Documents/python_project/python-bank-system/Admin/Admin.py ] :	module [ Admin - Login - 222 ] : message [ True ]
[ INFO ] >>>  log-name [ admin.log ] : date [ 2025-08-16 21:56:27 ] : file-name [ Admin.py ] : file-path[ /home/savjaylade84/Documents/python_project/python-bank-system/Admin/Admin.py ] :	module [ Admin - Login - 222 ] : message [ True ]
[ INFO ] >>>  log-name [ admin.log ] : date [ 2025-08-16 21:56:53 ] : file-name [ Admin.py ] : file-path[ /home/savjaylade84/Documents/python_project/python-bank-system/Admin/Admin.py ] :	module [ Admin - View_Edited_Account_History - 156 ] : message [ admin => view edited accounts history ]
[ INFO ] >>>  log-name [ admin.log ] : date [ 2025-08-16 22:25:19 ] : file-name [ Admin.py ] : file-path[ /home/savjaylade84/Documents/python_project/python-bank-system/Admin/Admin.py ] :	module [ Admin - Login - 222 ] : message [ True ]
[ INFO ] >>>  log-name [ admin.log ] : date [ 2025-08-16 22:25:36 ] : file-name [ Admin.py ] : file-path[ /home/savjaylade84/Documents/python_project/python-bank-system/Admin/Admin.py ] :	module [ Admin - View_Account_History - 116 ] : message [ admin => view account:000-000-0001 history ]
[ INFO ] >>>  log-name [ admin.log ] : date [ 2025-08-16 22:26:14 ] : file-name [ Admin.py ] : file-path[ /home/savjaylade84/Documents/python_project/python-bank-system/Admin/Admin.py ] :	module [ Admin - Login - 222 ] : message [ True ]
[ INFO ] >>>  log-name [ admin.log ] : date [ 2025-08-16 22:26:24 ] : file-name [ Admin.py ] : file-path[ /home/savjaylade84/Documents/python_project/python-bank-system/Admin/Admin.py ] :	module [ Admin - View_Edited_Account_History - 156 ] : message [ admin => view edited accounts history ]
[ INFO ] >>>  log-name [ admin.log ] : date [ 2025-08-16 22:27:02 ] : file-name [ Admin.py ] : file-path[ /home/savjaylade84/Documents/python_project/python-bank-system/Admin/Admin.py ] :	module [ Admin - Login - 222 ] : message [ True ]
[ INFO ] >>>  log-name [ admin.log ] : date [ 2025-08-16 22:27:12 ] : file-name [ Admin.py ] : file-path[ /home/savjaylade84/Documents/python_project/python-bank-system/Admin/Admin.py ] :	module [ Admin - View_Account_History - 116 ] : message [ admin => view account:000-000-0001 history ]
[ INFO ] >>>  log-name [ admin.log ] : date [ 2025-08-16 22:27:56 ] : file-name [ Admin.py ] : file-path[ /home/savjaylade84/Documents/python_project/python-bank-system/Admin/Admin.py ] :	module [ Admin - Login - 222 ] : message [ True ]
[ INFO ] >>>  log-name [ admin.log ] : date [ 2025-08-16 22:27:59 ] : file-name [ Admin.py ] : file-path[ /home/savjaylade84/Documents/python_project/python-bank-system/Admin/Admin.py ] :	module [ Admin - View_Edited_Account_History - 156 ] : message [ admin => view edited accounts history ]
[ INFO ] >>>  log-name [ admin.log ] : date [ 2025-08-16 22:28:59 ] : file-name [ Admin.py ] : file-path[ /home/savjaylade84/Documents/python_project/python-bank-system/Admin/Admin.py ] :	module [ Admin - Login - 222 ] : message [ True ]
[ INFO ] >>>  log-name [ admin.log ] : date [ 2025-08-16 22:29:02 ] : file-name [ Admin.py ] : file-path[ /home/savjaylade84/Documents/python_project/python-bank-system/Admin/Admin.py ] :	module [ Admin - View_Edited_Account_History - 156 ] : message [ admin => view edited accounts history ]
[ INFO ] >>>  log-name [ admin.log ] : date [ 2025-08-16 22:29:52 ] : file-name [ Admin.py ] : file-path[ /home/savjaylade84/Documents/python_project/python-bank-system/Admin/Admin.py ] :	module [ Admin - Login - 222 ] : message [ True ]
[ INFO ] >>>  log-name [ admin.log ] : date [ 2025-08-16 22:29:54 ] : file-name [ Admin.py ] : file-path[ /home/savjaylade84/Documents/python_project/python-bank-system/Admin/Admin.py ] :	module [ Admin - View_Edited_Account_History - 156 ] : message [ admin => view edited accounts history ]
[ INFO ] >>>  log-name [ admin.log ] : date [ 2025-08-16 22:30:29 ] : file-name [ Admin.py ] : file-path[ /home/savjaylade84/Documents/python_project/python-bank-system/Admin/Admin.py ] :	module [ Admin - Login - 222 ] : message [ True ]
[ INFO ] >>>  log-name [ admin.log ] : date [ 2025-08-16 22:30:32 ] : file-name [ Admin.py ] : file-path[ /home/savjaylade84/Documents/python_project/python-bank-system/Admin/Admin.py ] :	module [ Admin - View_Edited_Account_History - 156 ] : message [ admin => view edited accounts history ]
[ INFO ] >>>  log-name [ admin.log ] : date [ 2025-08-16 22:30:47 ] : file-name [ Admin.py ] : file-path[ /home/savjaylade84/Documents/python_project/python-bank-system/Admin/Admin.py ] :	module [ Admin - View_Account_History - 116 ] : message [ admin => view account:000-000-0001 history ]
[ INFO ] >>>  log-name [ admin.log ] : date [ 2025-08-30 18:31:06 ] : file-name [ Admin.py ] : file-path[ /home/savjaylade84/Documents/python_project/python-bank-system/Admin/Admin.py ] :	module [ Admin - Login - 223 ] : message [ False ]
[ INFO ] >>>  log-name [ admin.log ] : date [ 2025-08-30 18:31:12 ] : file-name [ Admin.py ] : file-path[ /home/savjaylade84/Documents/python_project/python-bank-system/Admin/Admin.py ] :	module [ Admin - Login - 223 ] : message [ False ]
[ INFO ] >>>  log-name [ admin.log ] : date [ 2025-08-30 18:31:16 ] : file-name [ Admin.py ] : file-path[ /home/savjaylade84/Documents/python_project/python-bank-system/Admin/Admin.py ] :	module [ Admin - Login - 223 ] : message [ False ]
[ INFO ] >>>  log-name [ admin.log ] : date [ 2025-08-30 18:31:22 ] : file-name [ Admin.py ] : file-path[ /home/savjaylade84/Documents/python_project/python-bank-system/Admin/Admin.py ] :	module [ Admin - Login - 223 ] : message [ False ]
[ INFO ] >>>  log-name [ admin.log ] : date [ 2025-08-30 18:31:38 ] : file-name [ Admin.py ] : file-path[ /home/savjaylade84/Documents/python_project/python-bank-system/Admin/Admin.py ] :	module [ Admin - Login - 223 ] : message [ False ]
[ INFO ] >>>  log-name [ admin.log ] : date [ 2025-08-30 18:31:47 ] : file-name [ Admin.py ] : file-path[ /home/savjaylade84/Documents/python_project/python-bank-system/Admin/Admin.py ] :	module [ Admin - Login - 223 ] : message [ False ]
[ INFO ] >>>  log-name [ admin.log ] : date [ 2025-08-30 18:31:51 ] : file-name [ Admin.py ] : file-path[ /home/savjaylade84/Documents/python_project/python-bank-system/Admin/Admin.py ] :	module [ Admin - Login - 223 ] : message [ True ]
[ INFO ] >>>  log-name [ admin.log ] : date [ 2025-08-30 18:32:49 ] : file-name [ Admin.py ] : file-path[ /home/savjaylade84/Documents/python_project/python-bank-system/Admin/Admin.py ] :	module [ Admin - View_Account_History - 117 ] : message [ admin => view account:000-000-0001 history ]
[ INFO ] >>>  log-name [ admin.log ] : date [ 2025-08-30 18:33:23 ] : file-name [ Admin.py ] : file-path[ /home/savjaylade84/Documents/python_project/python-bank-system/Admin/Admin.py ] :	module [ Admin - View_List - 97 ] : message [ admin => view account list ]
[ INFO ] >>>  log-name [ admin.log ] : date [ 2025-08-30 18:33:40 ] : file-name [ Admin.py ] : file-path[ /home/savjaylade84/Documents/python_project/python-bank-system/Admin/Admin.py ] :	module [ Admin - View_Edited_Account_History - 157 ] : message [ admin => view edited accounts history ]
