[ INFO ] >>>  log-name [ form.log ] : date [ 2022-09-26 02:19:08 ] : module [ Operation - Login - 176 ] : message [ user:anonymous => [Login]: Starting ]
[ INFO ] >>>  log-name [ form.log ] : date [ 2022-09-26 02:19:13 ] : module [ Operation - Login - 187 ] : message [ user:anonymous => [Login]: Success Input => user-id(000-000-0001) ]
[ INFO ] >>>  log-name [ form.log ] : date [ 2022-09-26 02:19:17 ] : module [ Operation - Login - 208 ] : message [ user:anonymous => [Login]: Success Input => pin(123456) ]
[ INFO ] >>>  log-name [ form.log ] : date [ 2022-09-26 02:19:17 ] : module [ Operation - Login - 223 ] : message [ user:anonymous => [Login]: Success Login => account-id(000-000-0001) ]
[ INFO ] >>>  log-name [ form.log ] : date [ 2022-09-26 02:19:17 ] : module [ Operation - Login - 224 ] : message [ user:anonymous => [Login]: Ended ]
[ INFO ] >>>  log-name [ form.log ] : date [ 2022-09-26 22:43:55 ] : module [ Operation - Login - 176 ] : message [ user:anonymous => [Login]: Starting ]
[ INFO ] >>>  log-name [ form.log ] : date [ 2022-09-26 22:44:00 ] : module [ Operation - Login - 187 ] : message [ user:anonymous => [Login]: Success Input => user-id(000-000-0001) ]
[ INFO ] >>>  log-name [ form.log ] : date [ 2022-09-26 22:44:02 ] : module [ Operation - Login - 208 ] : message [ user:anonymous => [Login]: Success Input => pin(123456) ]
[ INFO ] >>>  log-name [ form.log ] : date [ 2022-09-26 22:44:03 ] : module [ Operation - Login - 223 ] : message [ user:anonymous => [Login]: Success Login => account-id(000-000-0001) ]
[ INFO ] >>>  log-name [ form.log ] : date [ 2022-09-26 22:44:03 ] : module [ Operation - Login - 224 ] : message [ user:anonymous => [Login]: Ended ]
[ INFO ] >>>  log-name [ form.log ] : date [ 2022-09-26 23:09:54 ] : module [ Operation - Login - 176 ] : message [ user:anonymous => [Login]: Starting ]
[ INFO ] >>>  log-name [ form.log ] : date [ 2022-09-26 23:10:22 ] : module [ Operation - Login - 176 ] : message [ user:anonymous => [Login]: Starting ]
[ INFO ] >>>  log-name [ form.log ] : date [ 2022-09-26 23:11:08 ] : module [ Operation - Login - 176 ] : message [ user:anonymous => [Login]: Starting ]
[ INFO ] >>>  log-name [ form.log ] : date [ 2022-09-26 23:11:41 ] : module [ Operation - Login - 176 ] : message [ user:anonymous => [Login]: Starting ]
[ INFO ] >>>  log-name [ form.log ] : date [ 2022-09-26 23:11:45 ] : module [ Operation - Login - 187 ] : message [ user:anonymous => [Login]: Success Input => user-id(000-000-0001) ]
[ INFO ] >>>  log-name [ form.log ] : date [ 2022-09-26 23:12:05 ] : module [ Operation - Login - 176 ] : message [ user:anonymous => [Login]: Starting ]
[ INFO ] >>>  log-name [ form.log ] : date [ 2022-09-26 23:12:15 ] : module [ Operation - Login - 176 ] : message [ user:anonymous => [Login]: Starting ]
[ INFO ] >>>  log-name [ form.log ] : date [ 2022-09-26 23:12:19 ] : module [ Operation - Login - 187 ] : message [ user:anonymous => [Login]: Success Input => user-id(000-000-0001) ]
[ INFO ] >>>  log-name [ form.log ] : date [ 2022-09-26 23:13:14 ] : module [ Operation - Login - 176 ] : message [ user:anonymous => [Login]: Starting ]
[ INFO ] >>>  log-name [ form.log ] : date [ 2022-09-26 23:13:20 ] : module [ Operation - Login - 187 ] : message [ user:anonymous => [Login]: Success Input => user-id(000-000-0001) ]
[ INFO ] >>>  log-name [ form.log ] : date [ 2022-09-26 23:14:58 ] : module [ Operation - Login - 176 ] : message [ user:anonymous => [Login]: Starting ]
[ INFO ] >>>  log-name [ form.log ] : date [ 2022-09-26 23:15:04 ] : module [ Operation - Login - 187 ] : message [ user:anonymous => [Login]: Success Input => user-id(000-000-0001) ]
[ INFO ] >>>  log-name [ form.log ] : date [ 2022-09-26 23:15:38 ] : module [ Operation - Login - 176 ] : message [ user:anonymous => [Login]: Starting ]
[ INFO ] >>>  log-name [ form.log ] : date [ 2022-09-26 23:15:42 ] : module [ Operation - Login - 187 ] : message [ user:anonymous => [Login]: Success Input => user-id(000-000-0001) ]
[ INFO ] >>>  log-name [ form.log ] : date [ 2022-09-26 23:16:05 ] : module [ Operation - Login - 176 ] : message [ user:anonymous => [Login]: Starting ]
[ INFO ] >>>  log-name [ form.log ] : date [ 2022-09-26 23:16:10 ] : module [ Operation - Login - 187 ] : message [ user:anonymous => [Login]: Success Input => user-id(000-000-0001) ]
[ INFO ] >>>  log-name [ form.log ] : date [ 2022-09-26 23:18:14 ] : module [ Operation - Login - 176 ] : message [ user:anonymous => [Login]: Starting ]
[ INFO ] >>>  log-name [ form.log ] : date [ 2022-09-26 23:18:18 ] : module [ Operation - Login - 187 ] : message [ user:anonymous => [Login]: Success Input => user-id(000-000-0001) ]
[ INFO ] >>>  log-name [ form.log ] : date [ 2022-09-26 23:19:30 ] : module [ Operation - Login - 176 ] : message [ user:anonymous => [Login]: Starting ]
[ INFO ] >>>  log-name [ form.log ] : date [ 2022-09-26 23:19:33 ] : module [ Operation - Login - 187 ] : message [ user:anonymous => [Login]: Success Input => user-id(000-000-0001) ]
[ INFO ] >>>  log-name [ form.log ] : date [ 2022-09-26 23:20:01 ] : module [ Operation - Login - 176 ] : message [ user:anonymous => [Login]: Starting ]
[ INFO ] >>>  log-name [ form.log ] : date [ 2022-09-26 23:20:05 ] : module [ Operation - Login - 187 ] : message [ user:anonymous => [Login]: Success Input => user-id(000-000-0001) ]
[ INFO ] >>>  log-name [ form.log ] : date [ 2022-09-26 23:21:10 ] : module [ Operation - Login - 176 ] : message [ user:anonymous => [Login]: Starting ]
[ INFO ] >>>  log-name [ form.log ] : date [ 2022-09-26 23:21:14 ] : module [ Operation - Login - 187 ] : message [ user:anonymous => [Login]: Success Input => user-id(000-000-0001) ]
[ INFO ] >>>  log-name [ form.log ] : date [ 2022-09-26 23:23:17 ] : module [ Operation - Login - 176 ] : message [ user:anonymous => [Login]: Starting ]
[ INFO ] >>>  log-name [ form.log ] : date [ 2022-09-26 23:23:20 ] : module [ Operation - Login - 187 ] : message [ user:anonymous => [Login]: Success Input => user-id(000-000-0001) ]
[ INFO ] >>>  log-name [ form.log ] : date [ 2022-09-26 23:23:59 ] : module [ Operation - Login - 176 ] : message [ user:anonymous => [Login]: Starting ]
[ INFO ] >>>  log-name [ form.log ] : date [ 2022-09-26 23:24:04 ] : module [ Operation - Login - 187 ] : message [ user:anonymous => [Login]: Success Input => user-id(000-000-0001) ]
[ INFO ] >>>  log-name [ form.log ] : date [ 2022-09-26 23:24:07 ] : module [ Operation - Login - 211 ] : message [ user:anonymous => [Login]: Success Input => pin(123456) ]
[ INFO ] >>>  log-name [ form.log ] : date [ 2022-09-26 23:24:07 ] : module [ Operation - Login - 224 ] : message [ user:anonymous => [Login]: Success Login => account-id(000-000-0001) ]
[ INFO ] >>>  log-name [ form.log ] : date [ 2022-09-26 23:24:07 ] : module [ Operation - Login - 225 ] : message [ user:anonymous => [Login]: Ended ]
[ INFO ] >>>  log-name [ form.log ] : date [ 2022-09-27 00:57:33 ] : module [ Operation - Login - 180 ] : message [ user:anonymous => [Login]: Starting ]
[ INFO ] >>>  log-name [ form.log ] : date [ 2022-09-27 00:57:36 ] : module [ Operation - Login - 191 ] : message [ user:anonymous => [Login]: Success Input => user-id(000-000-0001) ]
[ INFO ] >>>  log-name [ form.log ] : date [ 2022-09-27 00:57:43 ] : module [ Operation - Login - 221 ] : message [ user:anonymous => [Login]: Success Input => pin(123456) ]
[ INFO ] >>>  log-name [ form.log ] : date [ 2022-09-27 00:57:43 ] : module [ Operation - Login - 237 ] : message [ user:anonymous => [Login]: Success Login => account-id(000-000-0001) ]
[ INFO ] >>>  log-name [ form.log ] : date [ 2022-09-27 00:57:43 ] : module [ Operation - Login - 238 ] : message [ user:anonymous => [Login]: Ended ]
[ INFO ] >>>  log-name [ form.log ] : date [ 2022-09-27 00:58:02 ] : module [ Operation - Login - 180 ] : message [ user:anonymous => [Login]: Starting ]
[ INFO ] >>>  log-name [ form.log ] : date [ 2022-09-27 00:58:06 ] : module [ Operation - Login - 191 ] : message [ user:anonymous => [Login]: Success Input => user-id(000-000-0001) ]
[ INFO ] >>>  log-name [ form.log ] : date [ 2022-09-27 00:58:09 ] : module [ Operation - Login - 221 ] : message [ user:anonymous => [Login]: Success Input => pin(123456) ]
[ INFO ] >>>  log-name [ form.log ] : date [ 2022-09-27 00:58:09 ] : module [ Operation - Login - 237 ] : message [ user:anonymous => [Login]: Success Login => account-id(000-000-0001) ]
[ INFO ] >>>  log-name [ form.log ] : date [ 2022-09-27 00:58:09 ] : module [ Operation - Login - 238 ] : message [ user:anonymous => [Login]: Ended ]
[ INFO ] >>>  log-name [ form.log ] : date [ 2022-09-27 01:18:18 ] : module [ Operation - Login - 180 ] : message [ user:anonymous => [Login]: Starting ]
[ INFO ] >>>  log-name [ form.log ] : date [ 2022-09-27 01:18:21 ] : module [ Operation - Login - 191 ] : message [ user:anonymous => [Login]: Success Input => user-id(000-000-0001) ]
[ INFO ] >>>  log-name [ form.log ] : date [ 2022-09-27 01:18:24 ] : module [ Operation - Login - 221 ] : message [ user:anonymous => [Login]: Success Input => pin(123456) ]
[ INFO ] >>>  log-name [ form.log ] : date [ 2022-09-27 01:18:24 ] : module [ Operation - Login - 237 ] : message [ user:anonymous => [Login]: Success Login => account-id(000-000-0001) ]
[ INFO ] >>>  log-name [ form.log ] : date [ 2022-09-27 01:18:24 ] : module [ Operation - Login - 238 ] : message [ user:anonymous => [Login]: Ended ]
[ INFO ] >>>  log-name [ form.log ] : date [ 2022-09-27 03:02:39 ] : module [ Operation - Login - 180 ] : message [ user:anonymous => [Login]: Starting ]
[ INFO ] >>>  log-name [ form.log ] : date [ 2022-09-27 03:02:46 ] : module [ Operation - Login - 191 ] : message [ user:anonymous => [Login]: Success Input => user-id(000-000-0001) ]
[ INFO ] >>>  log-name [ form.log ] : date [ 2022-09-27 03:02:51 ] : module [ Operation - Login - 221 ] : message [ user:anonymous => [Login]: Success Input => pin(123456) ]
[ INFO ] >>>  log-name [ form.log ] : date [ 2022-09-27 03:02:51 ] : module [ Operation - Login - 237 ] : message [ user:anonymous => [Login]: Success Login => account-id(000-000-0001) ]
[ INFO ] >>>  log-name [ form.log ] : date [ 2022-09-27 03:02:51 ] : module [ Operation - Login - 238 ] : message [ user:anonymous => [Login]: Ended ]
[ INFO ] >>>  log-name [ form.log ] : date [ 2024-06-17 03:16:02 ] : module [ Operation - Login - 180 ] : message [ user:anonymous => [Login]: Starting ]
[ INFO ] >>>  log-name [ form.log ] : date [ 2024-06-17 03:16:09 ] : module [ Operation - Login - 191 ] : message [ user:anonymous => [Login]: Success Input => user-id(074-574-9037) ]
[ INFO ] >>>  log-name [ form.log ] : date [ 2024-06-17 03:16:14 ] : module [ Operation - Login - 221 ] : message [ user:anonymous => [Login]: Success Input => pin(123456) ]
[ INFO ] >>>  log-name [ form.log ] : date [ 2024-06-17 03:16:14 ] : module [ Operation - Login - 237 ] : message [ user:anonymous => [Login]: Success Login => account-id(074-574-9037) ]
[ INFO ] >>>  log-name [ form.log ] : date [ 2024-06-17 03:16:14 ] : module [ Operation - Login - 238 ] : message [ user:anonymous => [Login]: Ended ]
[ INFO ] >>>  log-name [ form.log ] : date [ 2024-06-17 03:21:40 ] : module [ Operation - Login - 180 ] : message [ user:anonymous => [Login]: Starting ]
[ INFO ] >>>  log-name [ form.log ] : date [ 2024-06-17 03:21:44 ] : module [ Operation - Login - 191 ] : message [ user:anonymous => [Login]: Success Input => user-id(074-574-9037) ]
[ INFO ] >>>  log-name [ form.log ] : date [ 2024-06-17 03:21:48 ] : module [ Operation - Login - 221 ] : message [ user:anonymous => [Login]: Success Input => pin(123456) ]
[ INFO ] >>>  log-name [ form.log ] : date [ 2024-06-17 03:21:48 ] : module [ Operation - Login - 237 ] : message [ user:anonymous => [Login]: Success Login => account-id(074-574-9037) ]
[ INFO ] >>>  log-name [ form.log ] : date [ 2024-06-17 03:21:48 ] : module [ Operation - Login - 238 ] : message [ user:anonymous => [Login]: Ended ]
[ INFO ] >>>  log-name [ form.log ] : date [ 2024-06-17 03:22:41 ] : module [ Operation - Change_Pin - 328 ] : message [ user:anonymous => [Change Pin]: Started ]
[ INFO ] >>>  log-name [ form.log ] : date [ 2024-06-17 03:23:11 ] : module [ Operation - Signup - 243 ] : message [ user:anonymous => [Signup]: Starting ]
[ INFO ] >>>  log-name [ form.log ] : date [ 2024-06-17 03:23:11 ] : module [ Operation - Signup - 248 ] : message [ user:anonymous => [Signup]: Generate Account ID => id(065-453-2968) ]
[ INFO ] >>>  log-name [ form.log ] : date [ 2024-06-17 03:23:14 ] : module [ Operation - Signup - 252 ] : message [ user:anonymous => [Signup]: Input Name => name(roro) ]
[ INFO ] >>>  log-name [ form.log ] : date [ 2024-06-17 03:23:29 ] : module [ Operation - Signup - 273 ] : message [ user:anonymous => [Signup]: Input Pin => pin($2b$12$t5yU4vpeQcxO5RRjyFHkzOS4xV6udSdDDYsrv6y1eVBEASYX24rda) ]
[ INFO ] >>>  log-name [ form.log ] : date [ 2024-06-17 03:23:37 ] : module [ Operation - Signup - 301 ] : message [ user:anonymous => [Signup]: Created Account => account({'Name': 'roro', 'Account-ID': '065-453-2968', 'Pin': '$2b$12$t5yU4vpeQcxO5RRjyFHkzOS4xV6udSdDDYsrv6y1eVBEASYX24rda', 'Balance': 20000.0, 'Transaction-History': []}) ]
[ INFO ] >>>  log-name [ form.log ] : date [ 2024-06-17 03:23:37 ] : module [ Operation - Signup - 310 ] : message [ user:anonymous => [Signup]: Update the Account List ]
[ INFO ] >>>  log-name [ form.log ] : date [ 2024-06-17 03:23:37 ] : module [ Operation - Signup - 313 ] : message [ user:anonymous => [Signup]: Successful Signup ]
[ INFO ] >>>  log-name [ form.log ] : date [ 2024-06-17 03:23:37 ] : module [ Operation - Signup - 314 ] : message [ user:anonymous => [Signup]: Ended ]
[ INFO ] >>>  log-name [ form.log ] : date [ 2024-06-17 03:23:51 ] : module [ Operation - Login - 180 ] : message [ user:anonymous => [Login]: Starting ]
[ INFO ] >>>  log-name [ form.log ] : date [ 2024-06-17 03:23:55 ] : module [ Operation - Login - 191 ] : message [ user:anonymous => [Login]: Success Input => user-id(065-453-2968) ]
[ INFO ] >>>  log-name [ form.log ] : date [ 2024-06-17 03:24:01 ] : module [ Operation - Login - 221 ] : message [ user:anonymous => [Login]: Success Input => pin(123456) ]
[ INFO ] >>>  log-name [ form.log ] : date [ 2024-06-17 03:24:01 ] : module [ Operation - Login - 237 ] : message [ user:anonymous => [Login]: Success Login => account-id(065-453-2968) ]
[ INFO ] >>>  log-name [ form.log ] : date [ 2024-06-17 03:24:01 ] : module [ Operation - Login - 238 ] : message [ user:anonymous => [Login]: Ended ]
