[ INFO ] >>>  log-name [ storage.log ] : date [ 2022-09-26 02:19:07 ] : module [ storage - fetch - 25 ] : message [ fetch information @ account-list ]
[ INFO ] >>>  log-name [ storage.log ] : date [ 2022-09-26 02:19:07 ] : module [ storage - fetch - 25 ] : message [ fetch information @ account-list ]
[ INFO ] >>>  log-name [ storage.log ] : date [ 2022-09-26 02:19:17 ] : module [ storage - fetch - 21 ] : message [ fetch information @ account:000-000-0001 ]
[ INFO ] >>>  log-name [ storage.log ] : date [ 2022-09-26 02:19:23 ] : module [ storage - store - 41 ] : message [ store information @ account:000-000-0001 ]
[ INFO ] >>>  log-name [ storage.log ] : date [ 2022-09-26 02:19:35 ] : module [ storage - store - 41 ] : message [ store information @ account:000-000-0001 ]
[ INFO ] >>>  log-name [ storage.log ] : date [ 2022-09-26 22:26:18 ] : module [ storage - fetch - 21 ] : message [ fetch information @ account:000-000-0001 ]
[ INFO ] >>>  log-name [ storage.log ] : date [ 2022-09-26 22:31:56 ] : module [ storage - fetch - 21 ] : message [ fetch information @ account:000-000-0001 ]
[ INFO ] >>>  log-name [ storage.log ] : date [ 2022-09-26 22:31:56 ] : module [ storage - fetch - 21 ] : message [ fetch information @ account:000-000-0001 ]
[ INFO ] >>>  log-name [ storage.log ] : date [ 2022-09-26 22:32:45 ] : module [ storage - fetch - 21 ] : message [ fetch information @ account:000-000-0001 ]
[ INFO ] >>>  log-name [ storage.log ] : date [ 2022-09-26 22:32:46 ] : module [ storage - fetch - 21 ] : message [ fetch information @ account:000-000-0001 ]
[ INFO ] >>>  log-name [ storage.log ] : date [ 2022-09-26 22:43:54 ] : module [ storage - fetch - 25 ] : message [ fetch information @ account-list ]
[ INFO ] >>>  log-name [ storage.log ] : date [ 2022-09-26 22:43:54 ] : module [ storage - fetch - 25 ] : message [ fetch information @ account-list ]
[ INFO ] >>>  log-name [ storage.log ] : date [ 2022-09-26 22:44:02 ] : module [ storage - fetch - 21 ] : message [ fetch information @ account:000-000-0001 ]
[ INFO ] >>>  log-name [ storage.log ] : date [ 2022-09-26 23:09:52 ] : module [ storage - fetch - 25 ] : message [ fetch information @ account-list ]
[ INFO ] >>>  log-name [ storage.log ] : date [ 2022-09-26 23:09:52 ] : module [ storage - fetch - 25 ] : message [ fetch information @ account-list ]
[ INFO ] >>>  log-name [ storage.log ] : date [ 2022-09-26 23:10:20 ] : module [ storage - fetch - 25 ] : message [ fetch information @ account-list ]
[ INFO ] >>>  log-name [ storage.log ] : date [ 2022-09-26 23:10:21 ] : module [ storage - fetch - 25 ] : message [ fetch information @ account-list ]
[ INFO ] >>>  log-name [ storage.log ] : date [ 2022-09-26 23:11:07 ] : module [ storage - fetch - 25 ] : message [ fetch information @ account-list ]
[ INFO ] >>>  log-name [ storage.log ] : date [ 2022-09-26 23:11:07 ] : module [ storage - fetch - 25 ] : message [ fetch information @ account-list ]
[ INFO ] >>>  log-name [ storage.log ] : date [ 2022-09-26 23:11:40 ] : module [ storage - fetch - 25 ] : message [ fetch information @ account-list ]
[ INFO ] >>>  log-name [ storage.log ] : date [ 2022-09-26 23:11:40 ] : module [ storage - fetch - 25 ] : message [ fetch information @ account-list ]
[ INFO ] >>>  log-name [ storage.log ] : date [ 2022-09-26 23:11:45 ] : module [ storage - validate_id - 59 ] : message [ fetch information @ account:000-000-0001 ]
[ INFO ] >>>  log-name [ storage.log ] : date [ 2022-09-26 23:11:58 ] : module [ storage - fetch - 25 ] : message [ fetch information @ account-list ]
[ INFO ] >>>  log-name [ storage.log ] : date [ 2022-09-26 23:11:58 ] : module [ storage - fetch - 25 ] : message [ fetch information @ account-list ]
[ INFO ] >>>  log-name [ storage.log ] : date [ 2022-09-26 23:12:04 ] : module [ storage - fetch - 25 ] : message [ fetch information @ account-list ]
[ INFO ] >>>  log-name [ storage.log ] : date [ 2022-09-26 23:12:04 ] : module [ storage - fetch - 25 ] : message [ fetch information @ account-list ]
[ INFO ] >>>  log-name [ storage.log ] : date [ 2022-09-26 23:12:09 ] : module [ storage - validate_id - 59 ] : message [ fetch information @ account:1 ]
[ ERROR ] >>>  log-name [ storage.log ] : date [ 2022-09-26 23:12:09 ] : module [ storage - validate_id - 62 ] : message [ File Error: Non-existing File ]
Traceback (most recent call last):
  File "C:\Users\jayson\source\repos\python-test\Bank-System\storage_accounts_v3\storage.py", line 60, in validate_id
    temp = json.load(open(f'storage_accounts_v3/account-{id}.json','r'))
FileNotFoundError: [Errno 2] No such file or directory: 'storage_accounts_v3/account-1.json'
[ INFO ] >>>  log-name [ storage.log ] : date [ 2022-09-26 23:12:13 ] : module [ storage - fetch - 25 ] : message [ fetch information @ account-list ]
[ INFO ] >>>  log-name [ storage.log ] : date [ 2022-09-26 23:12:13 ] : module [ storage - fetch - 25 ] : message [ fetch information @ account-list ]
[ INFO ] >>>  log-name [ storage.log ] : date [ 2022-09-26 23:12:19 ] : module [ storage - validate_id - 59 ] : message [ fetch information @ account:000-000-0001 ]
[ INFO ] >>>  log-name [ storage.log ] : date [ 2022-09-26 23:13:12 ] : module [ storage - fetch - 25 ] : message [ fetch information @ account-list ]
[ INFO ] >>>  log-name [ storage.log ] : date [ 2022-09-26 23:13:12 ] : module [ storage - fetch - 25 ] : message [ fetch information @ account-list ]
[ INFO ] >>>  log-name [ storage.log ] : date [ 2022-09-26 23:13:20 ] : module [ storage - validate_id - 59 ] : message [ fetch information @ account:000-000-0001 ]
[ INFO ] >>>  log-name [ storage.log ] : date [ 2022-09-26 23:14:57 ] : module [ storage - fetch - 25 ] : message [ fetch information @ account-list ]
[ INFO ] >>>  log-name [ storage.log ] : date [ 2022-09-26 23:14:57 ] : module [ storage - fetch - 25 ] : message [ fetch information @ account-list ]
[ INFO ] >>>  log-name [ storage.log ] : date [ 2022-09-26 23:15:04 ] : module [ storage - validate_id - 59 ] : message [ fetch information @ account:000-000-0001 ]
[ INFO ] >>>  log-name [ storage.log ] : date [ 2022-09-26 23:15:36 ] : module [ storage - fetch - 25 ] : message [ fetch information @ account-list ]
[ INFO ] >>>  log-name [ storage.log ] : date [ 2022-09-26 23:15:36 ] : module [ storage - fetch - 25 ] : message [ fetch information @ account-list ]
[ INFO ] >>>  log-name [ storage.log ] : date [ 2022-09-26 23:15:42 ] : module [ storage - validate_id - 59 ] : message [ fetch information @ account:000-000-0001 ]
[ INFO ] >>>  log-name [ storage.log ] : date [ 2022-09-26 23:16:04 ] : module [ storage - fetch - 25 ] : message [ fetch information @ account-list ]
[ INFO ] >>>  log-name [ storage.log ] : date [ 2022-09-26 23:16:04 ] : module [ storage - fetch - 25 ] : message [ fetch information @ account-list ]
[ INFO ] >>>  log-name [ storage.log ] : date [ 2022-09-26 23:16:10 ] : module [ storage - validate_id - 59 ] : message [ fetch information @ account:000-000-0001 ]
[ INFO ] >>>  log-name [ storage.log ] : date [ 2022-09-26 23:18:14 ] : module [ storage - fetch - 25 ] : message [ fetch information @ account-list ]
[ INFO ] >>>  log-name [ storage.log ] : date [ 2022-09-26 23:18:14 ] : module [ storage - fetch - 25 ] : message [ fetch information @ account-list ]
[ INFO ] >>>  log-name [ storage.log ] : date [ 2022-09-26 23:18:18 ] : module [ storage - validate_id - 59 ] : message [ fetch information @ account:000-000-0001 ]
[ INFO ] >>>  log-name [ storage.log ] : date [ 2022-09-26 23:19:28 ] : module [ storage - fetch - 25 ] : message [ fetch information @ account-list ]
[ INFO ] >>>  log-name [ storage.log ] : date [ 2022-09-26 23:19:28 ] : module [ storage - fetch - 25 ] : message [ fetch information @ account-list ]
[ INFO ] >>>  log-name [ storage.log ] : date [ 2022-09-26 23:19:33 ] : module [ storage - validate_id - 59 ] : message [ fetch information @ account:000-000-0001 ]
[ INFO ] >>>  log-name [ storage.log ] : date [ 2022-09-26 23:20:00 ] : module [ storage - fetch - 25 ] : message [ fetch information @ account-list ]
[ INFO ] >>>  log-name [ storage.log ] : date [ 2022-09-26 23:20:00 ] : module [ storage - fetch - 25 ] : message [ fetch information @ account-list ]
[ INFO ] >>>  log-name [ storage.log ] : date [ 2022-09-26 23:20:05 ] : module [ storage - validate_id - 59 ] : message [ fetch information @ account:000-000-0001 ]
[ INFO ] >>>  log-name [ storage.log ] : date [ 2022-09-26 23:21:09 ] : module [ storage - fetch - 25 ] : message [ fetch information @ account-list ]
[ INFO ] >>>  log-name [ storage.log ] : date [ 2022-09-26 23:21:09 ] : module [ storage - fetch - 25 ] : message [ fetch information @ account-list ]
[ INFO ] >>>  log-name [ storage.log ] : date [ 2022-09-26 23:21:14 ] : module [ storage - validate_id - 59 ] : message [ fetch information @ account:000-000-0001 ]
[ INFO ] >>>  log-name [ storage.log ] : date [ 2022-09-26 23:23:16 ] : module [ storage - fetch - 25 ] : message [ fetch information @ account-list ]
[ INFO ] >>>  log-name [ storage.log ] : date [ 2022-09-26 23:23:16 ] : module [ storage - fetch - 25 ] : message [ fetch information @ account-list ]
[ INFO ] >>>  log-name [ storage.log ] : date [ 2022-09-26 23:23:20 ] : module [ storage - validate_id - 59 ] : message [ fetch information @ account:000-000-0001 ]
[ INFO ] >>>  log-name [ storage.log ] : date [ 2022-09-26 23:23:58 ] : module [ storage - fetch - 25 ] : message [ fetch information @ account-list ]
[ INFO ] >>>  log-name [ storage.log ] : date [ 2022-09-26 23:23:58 ] : module [ storage - fetch - 25 ] : message [ fetch information @ account-list ]
[ INFO ] >>>  log-name [ storage.log ] : date [ 2022-09-26 23:24:04 ] : module [ storage - validate_id - 59 ] : message [ fetch information @ account:000-000-0001 ]
[ INFO ] >>>  log-name [ storage.log ] : date [ 2022-09-26 23:24:04 ] : module [ storage - fetch - 21 ] : message [ fetch information @ account:000-000-0001 ]
[ INFO ] >>>  log-name [ storage.log ] : date [ 2022-09-26 23:50:23 ] : module [ storage - fetch - 25 ] : message [ fetch information @ account-list ]
[ INFO ] >>>  log-name [ storage.log ] : date [ 2022-09-26 23:50:23 ] : module [ storage - fetch - 25 ] : message [ fetch information @ account-list ]
[ INFO ] >>>  log-name [ storage.log ] : date [ 2022-09-26 23:50:24 ] : module [ storage - fetch - 25 ] : message [ fetch information @ account-list ]
[ INFO ] >>>  log-name [ storage.log ] : date [ 2022-09-26 23:50:40 ] : module [ storage - fetch - 25 ] : message [ fetch information @ account-list ]
[ INFO ] >>>  log-name [ storage.log ] : date [ 2022-09-26 23:50:40 ] : module [ storage - fetch - 25 ] : message [ fetch information @ account-list ]
[ INFO ] >>>  log-name [ storage.log ] : date [ 2022-09-26 23:50:41 ] : module [ storage - fetch - 25 ] : message [ fetch information @ account-list ]
[ INFO ] >>>  log-name [ storage.log ] : date [ 2022-09-26 23:51:45 ] : module [ storage - fetch - 25 ] : message [ fetch information @ account-list ]
[ INFO ] >>>  log-name [ storage.log ] : date [ 2022-09-26 23:51:45 ] : module [ storage - fetch - 25 ] : message [ fetch information @ account-list ]
[ INFO ] >>>  log-name [ storage.log ] : date [ 2022-09-26 23:51:46 ] : module [ storage - fetch - 25 ] : message [ fetch information @ account-list ]
[ INFO ] >>>  log-name [ storage.log ] : date [ 2022-09-26 23:52:49 ] : module [ storage - fetch - 25 ] : message [ fetch information @ account-list ]
[ INFO ] >>>  log-name [ storage.log ] : date [ 2022-09-26 23:52:49 ] : module [ storage - fetch - 25 ] : message [ fetch information @ account-list ]
[ INFO ] >>>  log-name [ storage.log ] : date [ 2022-09-26 23:52:51 ] : module [ storage - fetch - 25 ] : message [ fetch information @ account-list ]
[ INFO ] >>>  log-name [ storage.log ] : date [ 2022-09-26 23:54:01 ] : module [ storage - fetch - 25 ] : message [ fetch information @ account-list ]
[ INFO ] >>>  log-name [ storage.log ] : date [ 2022-09-26 23:54:01 ] : module [ storage - fetch - 25 ] : message [ fetch information @ account-list ]
[ INFO ] >>>  log-name [ storage.log ] : date [ 2022-09-26 23:54:02 ] : module [ storage - fetch - 25 ] : message [ fetch information @ account-list ]
[ INFO ] >>>  log-name [ storage.log ] : date [ 2022-09-26 23:54:48 ] : module [ storage - fetch - 25 ] : message [ fetch information @ account-list ]
[ INFO ] >>>  log-name [ storage.log ] : date [ 2022-09-26 23:54:48 ] : module [ storage - fetch - 25 ] : message [ fetch information @ account-list ]
[ INFO ] >>>  log-name [ storage.log ] : date [ 2022-09-26 23:54:49 ] : module [ storage - fetch - 25 ] : message [ fetch information @ account-list ]
[ INFO ] >>>  log-name [ storage.log ] : date [ 2022-09-26 23:55:16 ] : module [ storage - store - 41 ] : message [ store information @ account:236-199-0003 ]
[ ERROR ] >>>  log-name [ storage.log ] : date [ 2022-09-26 23:55:16 ] : module [ storage - store - 51 ] : message [ File Error: Unable to Write File ]
Traceback (most recent call last):
  File "C:\Users\jayson\source\repos\python-test\Bank-System\storage_accounts_v3\storage.py", line 42, in store
    json.dump(data,open(f'storage_accounts_v3/account-{id}.json','w'),indent=4)
  File "C:\WPy64-3950\python-3.9.5.amd64\lib\json\__init__.py", line 179, in dump
    for chunk in iterable:
  File "C:\WPy64-3950\python-3.9.5.amd64\lib\json\encoder.py", line 431, in _iterencode
    yield from _iterencode_dict(o, _current_indent_level)
  File "C:\WPy64-3950\python-3.9.5.amd64\lib\json\encoder.py", line 405, in _iterencode_dict
    yield from chunks
  File "C:\WPy64-3950\python-3.9.5.amd64\lib\json\encoder.py", line 438, in _iterencode
    o = _default(o)
  File "C:\WPy64-3950\python-3.9.5.amd64\lib\json\encoder.py", line 179, in default
    raise TypeError(f'Object of type {o.__class__.__name__} '
TypeError: Object of type bytes is not JSON serializable
[ INFO ] >>>  log-name [ storage.log ] : date [ 2022-09-26 23:57:56 ] : module [ storage - fetch - 25 ] : message [ fetch information @ account-list ]
[ INFO ] >>>  log-name [ storage.log ] : date [ 2022-09-26 23:57:56 ] : module [ storage - fetch - 25 ] : message [ fetch information @ account-list ]
[ INFO ] >>>  log-name [ storage.log ] : date [ 2022-09-26 23:57:58 ] : module [ storage - fetch - 25 ] : message [ fetch information @ account-list ]
[ INFO ] >>>  log-name [ storage.log ] : date [ 2022-09-26 23:58:47 ] : module [ storage - fetch - 25 ] : message [ fetch information @ account-list ]
[ INFO ] >>>  log-name [ storage.log ] : date [ 2022-09-26 23:58:47 ] : module [ storage - fetch - 25 ] : message [ fetch information @ account-list ]
[ INFO ] >>>  log-name [ storage.log ] : date [ 2022-09-26 23:58:49 ] : module [ storage - fetch - 25 ] : message [ fetch information @ account-list ]
[ INFO ] >>>  log-name [ storage.log ] : date [ 2022-09-26 23:59:16 ] : module [ storage - store - 41 ] : message [ store information @ account:927-663-0003 ]
[ ERROR ] >>>  log-name [ storage.log ] : date [ 2022-09-26 23:59:16 ] : module [ storage - store - 51 ] : message [ File Error: Unable to Write File ]
Traceback (most recent call last):
  File "C:\Users\jayson\source\repos\python-test\Bank-System\storage_accounts_v3\storage.py", line 42, in store
    json.dumps(data,open(f'storage_accounts_v3/account-{id}.json','w'),indent=4)
TypeError: dumps() takes 1 positional argument but 2 positional arguments (and 1 keyword-only argument) were given
[ INFO ] >>>  log-name [ storage.log ] : date [ 2022-09-27 00:08:57 ] : module [ storage - fetch - 25 ] : message [ fetch information @ account-list ]
[ INFO ] >>>  log-name [ storage.log ] : date [ 2022-09-27 00:08:57 ] : module [ storage - fetch - 25 ] : message [ fetch information @ account-list ]
[ INFO ] >>>  log-name [ storage.log ] : date [ 2022-09-27 00:08:59 ] : module [ storage - fetch - 25 ] : message [ fetch information @ account-list ]
[ INFO ] >>>  log-name [ storage.log ] : date [ 2022-09-27 00:10:07 ] : module [ storage - fetch - 25 ] : message [ fetch information @ account-list ]
[ INFO ] >>>  log-name [ storage.log ] : date [ 2022-09-27 00:10:07 ] : module [ storage - fetch - 25 ] : message [ fetch information @ account-list ]
[ INFO ] >>>  log-name [ storage.log ] : date [ 2022-09-27 00:10:08 ] : module [ storage - fetch - 25 ] : message [ fetch information @ account-list ]
[ INFO ] >>>  log-name [ storage.log ] : date [ 2022-09-27 00:11:16 ] : module [ storage - fetch - 25 ] : message [ fetch information @ account-list ]
[ INFO ] >>>  log-name [ storage.log ] : date [ 2022-09-27 00:11:16 ] : module [ storage - fetch - 25 ] : message [ fetch information @ account-list ]
[ INFO ] >>>  log-name [ storage.log ] : date [ 2022-09-27 00:11:17 ] : module [ storage - fetch - 25 ] : message [ fetch information @ account-list ]
[ INFO ] >>>  log-name [ storage.log ] : date [ 2022-09-27 00:11:37 ] : module [ storage - store - 41 ] : message [ store information @ account:793-850-8845 ]
[ ERROR ] >>>  log-name [ storage.log ] : date [ 2022-09-27 00:11:37 ] : module [ storage - store - 51 ] : message [ File Error: Unable to Write File ]
Traceback (most recent call last):
  File "C:\Users\jayson\source\repos\python-test\Bank-System\storage_accounts_v3\storage.py", line 42, in store
    json.dumps(data,open(f'storage_accounts_v3/account-{id}.json','w'),indent=4)
TypeError: dumps() takes 1 positional argument but 2 positional arguments (and 1 keyword-only argument) were given
[ INFO ] >>>  log-name [ storage.log ] : date [ 2022-09-27 00:14:01 ] : module [ storage - fetch - 25 ] : message [ fetch information @ account-list ]
[ INFO ] >>>  log-name [ storage.log ] : date [ 2022-09-27 00:14:01 ] : module [ storage - fetch - 25 ] : message [ fetch information @ account-list ]
[ INFO ] >>>  log-name [ storage.log ] : date [ 2022-09-27 00:14:02 ] : module [ storage - fetch - 25 ] : message [ fetch information @ account-list ]
[ INFO ] >>>  log-name [ storage.log ] : date [ 2022-09-27 00:14:16 ] : module [ storage - store - 41 ] : message [ store information @ account:374-461-8252 ]
[ ERROR ] >>>  log-name [ storage.log ] : date [ 2022-09-27 00:14:16 ] : module [ storage - store - 51 ] : message [ File Error: Unable to Write File ]
Traceback (most recent call last):
  File "C:\Users\jayson\source\repos\python-test\Bank-System\storage_accounts_v3\storage.py", line 42, in store
    json.dump(data,open(f'storage_accounts_v3/account-{id}.json','w'),indent=4)
  File "C:\WPy64-3950\python-3.9.5.amd64\lib\json\__init__.py", line 179, in dump
    for chunk in iterable:
  File "C:\WPy64-3950\python-3.9.5.amd64\lib\json\encoder.py", line 431, in _iterencode
    yield from _iterencode_dict(o, _current_indent_level)
  File "C:\WPy64-3950\python-3.9.5.amd64\lib\json\encoder.py", line 405, in _iterencode_dict
    yield from chunks
  File "C:\WPy64-3950\python-3.9.5.amd64\lib\json\encoder.py", line 438, in _iterencode
    o = _default(o)
  File "C:\WPy64-3950\python-3.9.5.amd64\lib\json\encoder.py", line 179, in default
    raise TypeError(f'Object of type {o.__class__.__name__} '
TypeError: Object of type bytes is not JSON serializable
[ INFO ] >>>  log-name [ storage.log ] : date [ 2022-09-27 00:14:56 ] : module [ storage - fetch - 25 ] : message [ fetch information @ account-list ]
[ INFO ] >>>  log-name [ storage.log ] : date [ 2022-09-27 00:14:56 ] : module [ storage - fetch - 25 ] : message [ fetch information @ account-list ]
[ INFO ] >>>  log-name [ storage.log ] : date [ 2022-09-27 00:14:57 ] : module [ storage - fetch - 25 ] : message [ fetch information @ account-list ]
[ INFO ] >>>  log-name [ storage.log ] : date [ 2022-09-27 00:15:13 ] : module [ storage - store - 41 ] : message [ store information @ account:412-044-2273 ]
[ INFO ] >>>  log-name [ storage.log ] : date [ 2022-09-27 00:18:33 ] : module [ storage - fetch - 25 ] : message [ fetch information @ account-list ]
[ INFO ] >>>  log-name [ storage.log ] : date [ 2022-09-27 00:18:33 ] : module [ storage - fetch - 25 ] : message [ fetch information @ account-list ]
[ INFO ] >>>  log-name [ storage.log ] : date [ 2022-09-27 00:18:34 ] : module [ storage - fetch - 25 ] : message [ fetch information @ account-list ]
[ INFO ] >>>  log-name [ storage.log ] : date [ 2022-09-27 00:19:21 ] : module [ storage - fetch - 25 ] : message [ fetch information @ account-list ]
[ INFO ] >>>  log-name [ storage.log ] : date [ 2022-09-27 00:19:21 ] : module [ storage - fetch - 25 ] : message [ fetch information @ account-list ]
[ INFO ] >>>  log-name [ storage.log ] : date [ 2022-09-27 00:19:25 ] : module [ storage - fetch - 25 ] : message [ fetch information @ account-list ]
[ INFO ] >>>  log-name [ storage.log ] : date [ 2022-09-27 00:19:40 ] : module [ storage - store - 41 ] : message [ store information @ account:336-220-5832 ]
[ INFO ] >>>  log-name [ storage.log ] : date [ 2022-09-27 00:23:25 ] : module [ storage - fetch - 25 ] : message [ fetch information @ account-list ]
[ INFO ] >>>  log-name [ storage.log ] : date [ 2022-09-27 00:23:25 ] : module [ storage - fetch - 25 ] : message [ fetch information @ account-list ]
[ INFO ] >>>  log-name [ storage.log ] : date [ 2022-09-27 00:23:26 ] : module [ storage - fetch - 25 ] : message [ fetch information @ account-list ]
[ INFO ] >>>  log-name [ storage.log ] : date [ 2022-09-27 00:23:42 ] : module [ storage - store - 47 ] : message [ store information @ account-list ]
[ INFO ] >>>  log-name [ storage.log ] : date [ 2022-09-27 00:33:16 ] : module [ storage - fetch - 25 ] : message [ fetch information @ account-list ]
[ INFO ] >>>  log-name [ storage.log ] : date [ 2022-09-27 00:33:16 ] : module [ storage - fetch - 25 ] : message [ fetch information @ account-list ]
[ INFO ] >>>  log-name [ storage.log ] : date [ 2022-09-27 00:33:17 ] : module [ storage - fetch - 25 ] : message [ fetch information @ account-list ]
[ INFO ] >>>  log-name [ storage.log ] : date [ 2022-09-27 00:33:30 ] : module [ storage - store - 47 ] : message [ store information @ account-list ]
[ INFO ] >>>  log-name [ storage.log ] : date [ 2022-09-27 00:33:30 ] : module [ storage - store - 41 ] : message [ store information @ account:074-574-9037 ]
[ INFO ] >>>  log-name [ storage.log ] : date [ 2022-09-27 00:40:32 ] : module [ storage - fetch - 25 ] : message [ fetch information @ account-list ]
[ INFO ] >>>  log-name [ storage.log ] : date [ 2022-09-27 00:40:32 ] : module [ storage - fetch - 25 ] : message [ fetch information @ account-list ]
[ INFO ] >>>  log-name [ storage.log ] : date [ 2022-09-27 00:40:33 ] : module [ storage - fetch - 25 ] : message [ fetch information @ account-list ]
[ INFO ] >>>  log-name [ storage.log ] : date [ 2022-09-27 00:40:46 ] : module [ storage - fetch - 25 ] : message [ fetch information @ account-list ]
[ INFO ] >>>  log-name [ storage.log ] : date [ 2022-09-27 00:40:46 ] : module [ storage - fetch - 25 ] : message [ fetch information @ account-list ]
[ INFO ] >>>  log-name [ storage.log ] : date [ 2022-09-27 00:40:50 ] : module [ storage - fetch - 25 ] : message [ fetch information @ account-list ]
[ INFO ] >>>  log-name [ storage.log ] : date [ 2022-09-27 00:41:06 ] : module [ storage - store - 47 ] : message [ store information @ account-list ]
[ INFO ] >>>  log-name [ storage.log ] : date [ 2022-09-27 00:42:35 ] : module [ storage - fetch - 25 ] : message [ fetch information @ account-list ]
[ INFO ] >>>  log-name [ storage.log ] : date [ 2022-09-27 00:42:35 ] : module [ storage - fetch - 25 ] : message [ fetch information @ account-list ]
[ INFO ] >>>  log-name [ storage.log ] : date [ 2022-09-27 00:42:36 ] : module [ storage - fetch - 25 ] : message [ fetch information @ account-list ]
[ INFO ] >>>  log-name [ storage.log ] : date [ 2022-09-27 00:42:57 ] : module [ storage - store - 41 ] : message [ store information @ account:387-227-1362 ]
[ ERROR ] >>>  log-name [ storage.log ] : date [ 2022-09-27 00:42:57 ] : module [ storage - store - 51 ] : message [ File Error: Unable to Write File ]
Traceback (most recent call last):
  File "C:\Users\jayson\source\repos\python-test\Bank-System\storage_accounts_v3\storage.py", line 42, in store
    json.dump(data,open(f'storage_accounts_v3/account-{id}.json','w'),indent=4)
  File "C:\WPy64-3950\python-3.9.5.amd64\lib\json\__init__.py", line 179, in dump
    for chunk in iterable:
  File "C:\WPy64-3950\python-3.9.5.amd64\lib\json\encoder.py", line 438, in _iterencode
    o = _default(o)
  File "C:\WPy64-3950\python-3.9.5.amd64\lib\json\encoder.py", line 179, in default
    raise TypeError(f'Object of type {o.__class__.__name__} '
TypeError: Object of type Account is not JSON serializable
[ INFO ] >>>  log-name [ storage.log ] : date [ 2022-09-27 00:44:37 ] : module [ storage - fetch - 25 ] : message [ fetch information @ account-list ]
[ INFO ] >>>  log-name [ storage.log ] : date [ 2022-09-27 00:44:37 ] : module [ storage - fetch - 25 ] : message [ fetch information @ account-list ]
[ INFO ] >>>  log-name [ storage.log ] : date [ 2022-09-27 00:44:38 ] : module [ storage - fetch - 25 ] : message [ fetch information @ account-list ]
[ INFO ] >>>  log-name [ storage.log ] : date [ 2022-09-27 00:44:52 ] : module [ storage - store - 41 ] : message [ store information @ account:194-192-3106 ]
[ INFO ] >>>  log-name [ storage.log ] : date [ 2022-09-27 00:44:52 ] : module [ storage - store - 47 ] : message [ store information @ account-list ]
[ INFO ] >>>  log-name [ storage.log ] : date [ 2022-09-27 00:57:30 ] : module [ storage - fetch - 25 ] : message [ fetch information @ account-list ]
[ INFO ] >>>  log-name [ storage.log ] : date [ 2022-09-27 00:57:30 ] : module [ storage - fetch - 25 ] : message [ fetch information @ account-list ]
[ INFO ] >>>  log-name [ storage.log ] : date [ 2022-09-27 00:57:36 ] : module [ storage - validate_id - 59 ] : message [ fetch information @ account:000-000-0001 ]
[ INFO ] >>>  log-name [ storage.log ] : date [ 2022-09-27 00:57:36 ] : module [ storage - fetch - 21 ] : message [ fetch information @ account:000-000-0001 ]
[ INFO ] >>>  log-name [ storage.log ] : date [ 2022-09-27 00:57:51 ] : module [ storage - store - 41 ] : message [ store information @ account:000-000-0001 ]
[ INFO ] >>>  log-name [ storage.log ] : date [ 2022-09-27 00:58:06 ] : module [ storage - validate_id - 59 ] : message [ fetch information @ account:000-000-0001 ]
[ INFO ] >>>  log-name [ storage.log ] : date [ 2022-09-27 00:58:06 ] : module [ storage - fetch - 21 ] : message [ fetch information @ account:000-000-0001 ]
[ INFO ] >>>  log-name [ storage.log ] : date [ 2022-09-27 01:18:16 ] : module [ storage - fetch - 25 ] : message [ fetch information @ account-list ]
[ INFO ] >>>  log-name [ storage.log ] : date [ 2022-09-27 01:18:16 ] : module [ storage - fetch - 25 ] : message [ fetch information @ account-list ]
[ INFO ] >>>  log-name [ storage.log ] : date [ 2022-09-27 01:18:21 ] : module [ storage - validate_id - 59 ] : message [ fetch information @ account:000-000-0001 ]
[ INFO ] >>>  log-name [ storage.log ] : date [ 2022-09-27 01:18:21 ] : module [ storage - fetch - 21 ] : message [ fetch information @ account:000-000-0001 ]
[ INFO ] >>>  log-name [ storage.log ] : date [ 2022-09-27 03:02:23 ] : module [ storage - fetch - 25 ] : message [ fetch information @ account-list ]
[ INFO ] >>>  log-name [ storage.log ] : date [ 2022-09-27 03:02:23 ] : module [ storage - fetch - 25 ] : message [ fetch information @ account-list ]
[ INFO ] >>>  log-name [ storage.log ] : date [ 2022-09-27 03:02:46 ] : module [ storage - validate_id - 59 ] : message [ fetch information @ account:000-000-0001 ]
[ INFO ] >>>  log-name [ storage.log ] : date [ 2022-09-27 03:02:46 ] : module [ storage - fetch - 21 ] : message [ fetch information @ account:000-000-0001 ]
[ INFO ] >>>  log-name [ storage.log ] : date [ 2024-06-17 02:56:18 ] : module [ storage - fetch - 25 ] : message [ fetch information @ account-list ]
[ INFO ] >>>  log-name [ storage.log ] : date [ 2024-06-17 02:56:18 ] : module [ storage - fetch - 25 ] : message [ fetch information @ account-list ]
[ INFO ] >>>  log-name [ storage.log ] : date [ 2024-06-17 03:00:17 ] : module [ storage - fetch - 25 ] : message [ fetch information @ account-list ]
[ INFO ] >>>  log-name [ storage.log ] : date [ 2024-06-17 03:00:17 ] : module [ storage - fetch - 25 ] : message [ fetch information @ account-list ]
[ INFO ] >>>  log-name [ storage.log ] : date [ 2024-06-17 03:10:14 ] : module [ storage - fetch - 25 ] : message [ fetch information @ account-list ]
[ INFO ] >>>  log-name [ storage.log ] : date [ 2024-06-17 03:10:14 ] : module [ storage - fetch - 25 ] : message [ fetch information @ account-list ]
[ INFO ] >>>  log-name [ storage.log ] : date [ 2024-06-17 03:15:03 ] : module [ storage - fetch - 25 ] : message [ fetch information @ account-list ]
[ INFO ] >>>  log-name [ storage.log ] : date [ 2024-06-17 03:15:03 ] : module [ storage - fetch - 25 ] : message [ fetch information @ account-list ]
[ INFO ] >>>  log-name [ storage.log ] : date [ 2024-06-17 03:16:09 ] : module [ storage - validate_id - 59 ] : message [ fetch information @ account:074-574-9037 ]
[ INFO ] >>>  log-name [ storage.log ] : date [ 2024-06-17 03:16:09 ] : module [ storage - fetch - 21 ] : message [ fetch information @ account:074-574-9037 ]
[ INFO ] >>>  log-name [ storage.log ] : date [ 2024-06-17 03:21:37 ] : module [ storage - fetch - 25 ] : message [ fetch information @ account-list ]
[ INFO ] >>>  log-name [ storage.log ] : date [ 2024-06-17 03:21:37 ] : module [ storage - fetch - 25 ] : message [ fetch information @ account-list ]
[ INFO ] >>>  log-name [ storage.log ] : date [ 2024-06-17 03:21:44 ] : module [ storage - validate_id - 59 ] : message [ fetch information @ account:074-574-9037 ]
[ INFO ] >>>  log-name [ storage.log ] : date [ 2024-06-17 03:21:44 ] : module [ storage - fetch - 21 ] : message [ fetch information @ account:074-574-9037 ]
[ INFO ] >>>  log-name [ storage.log ] : date [ 2024-06-17 03:22:04 ] : module [ storage - store - 41 ] : message [ store information @ account:074-574-9037 ]
[ INFO ] >>>  log-name [ storage.log ] : date [ 2024-06-17 03:22:18 ] : module [ storage - store - 41 ] : message [ store information @ account:074-574-9037 ]
[ INFO ] >>>  log-name [ storage.log ] : date [ 2024-06-17 03:22:50 ] : module [ storage - store - 41 ] : message [ store information @ account:074-574-9037 ]
[ INFO ] >>>  log-name [ storage.log ] : date [ 2024-06-17 03:23:11 ] : module [ storage - fetch - 25 ] : message [ fetch information @ account-list ]
[ INFO ] >>>  log-name [ storage.log ] : date [ 2024-06-17 03:23:37 ] : module [ storage - store - 41 ] : message [ store information @ account:065-453-2968 ]
[ INFO ] >>>  log-name [ storage.log ] : date [ 2024-06-17 03:23:37 ] : module [ storage - store - 47 ] : message [ store information @ account-list ]
[ INFO ] >>>  log-name [ storage.log ] : date [ 2024-06-17 03:23:55 ] : module [ storage - validate_id - 59 ] : message [ fetch information @ account:065-453-2968 ]
[ INFO ] >>>  log-name [ storage.log ] : date [ 2024-06-17 03:23:55 ] : module [ storage - fetch - 21 ] : message [ fetch information @ account:065-453-2968 ]
[ INFO ] >>>  log-name [ storage.log ] : date [ 2024-06-17 03:45:53 ] : module [ storage - fetch - 25 ] : message [ fetch information @ account-list ]
[ INFO ] >>>  log-name [ storage.log ] : date [ 2024-06-17 03:45:53 ] : module [ storage - fetch - 25 ] : message [ fetch information @ account-list ]
[ INFO ] >>>  log-name [ storage.log ] : date [ 2024-06-17 03:51:00 ] : module [ storage - fetch - 25 ] : message [ fetch information @ account-list ]
[ INFO ] >>>  log-name [ storage.log ] : date [ 2024-06-17 03:51:00 ] : module [ storage - fetch - 25 ] : message [ fetch information @ account-list ]
[ INFO ] >>>  log-name [ storage.log ] : date [ 2024-06-17 04:02:56 ] : module [ storage - fetch - 25 ] : message [ fetch information @ account-list ]
[ INFO ] >>>  log-name [ storage.log ] : date [ 2024-06-17 04:02:56 ] : module [ storage - fetch - 25 ] : message [ fetch information @ account-list ]
[ INFO ] >>>  log-name [ storage.log ] : date [ 2024-06-17 04:08:35 ] : module [ storage - fetch - 25 ] : message [ fetch information @ account-list ]
[ INFO ] >>>  log-name [ storage.log ] : date [ 2024-06-17 04:08:35 ] : module [ storage - fetch - 25 ] : message [ fetch information @ account-list ]
[ INFO ] >>>  log-name [ storage.log ] : date [ 2025-08-14 15:58:45 ] : module [ storage - fetch - 25 ] : message [ fetch information @ account-list ]
[ INFO ] >>>  log-name [ storage.log ] : date [ 2025-08-14 15:58:45 ] : module [ storage - fetch - 25 ] : message [ fetch information @ account-list ]
[ INFO ] >>>  log-name [ storage.log ] : date [ 2025-08-14 15:59:07 ] : module [ storage - validate_id - 59 ] : message [ fetch information @ account:000-000-0001 ]
[ INFO ] >>>  log-name [ storage.log ] : date [ 2025-08-14 15:59:07 ] : module [ storage - fetch - 21 ] : message [ fetch information @ account:000-000-0001 ]
[ INFO ] >>>  log-name [ storage.log ] : date [ 2025-08-14 16:00:09 ] : module [ storage - store - 41 ] : message [ store information @ account:000-000-0001 ]
[ INFO ] >>>  log-name [ storage.log ] : date [ 2025-08-14 16:03:49 ] : module [ storage - fetch - 25 ] : message [ fetch information @ account-list ]
[ INFO ] >>>  log-name [ storage.log ] : date [ 2025-08-14 16:03:49 ] : module [ storage - fetch - 25 ] : message [ fetch information @ account-list ]
[ INFO ] >>>  log-name [ storage.log ] : date [ 2025-08-14 16:04:01 ] : module [ storage - validate_id - 59 ] : message [ fetch information @ account:000-000-0001 ]
[ INFO ] >>>  log-name [ storage.log ] : date [ 2025-08-14 16:04:01 ] : module [ storage - fetch - 21 ] : message [ fetch information @ account:000-000-0001 ]
[ INFO ] >>>  log-name [ storage.log ] : date [ 2025-08-14 16:05:21 ] : module [ storage - fetch - 25 ] : message [ fetch information @ account-list ]
[ INFO ] >>>  log-name [ storage.log ] : date [ 2025-08-14 16:05:21 ] : module [ storage - fetch - 25 ] : message [ fetch information @ account-list ]
[ INFO ] >>>  log-name [ storage.log ] : date [ 2025-08-14 16:05:27 ] : module [ storage - validate_id - 59 ] : message [ fetch information @ account:000-000-0001 ]
[ INFO ] >>>  log-name [ storage.log ] : date [ 2025-08-14 16:05:27 ] : module [ storage - fetch - 21 ] : message [ fetch information @ account:000-000-0001 ]
[ INFO ] >>>  log-name [ storage.log ] : date [ 2025-08-14 16:12:29 ] : module [ storage - fetch - 25 ] : message [ fetch information @ account-list ]
[ INFO ] >>>  log-name [ storage.log ] : date [ 2025-08-14 16:12:29 ] : module [ storage - fetch - 25 ] : message [ fetch information @ account-list ]
[ INFO ] >>>  log-name [ storage.log ] : date [ 2025-08-14 16:12:35 ] : module [ storage - validate_id - 59 ] : message [ fetch information @ account:000-000-0001 ]
[ INFO ] >>>  log-name [ storage.log ] : date [ 2025-08-14 16:12:35 ] : module [ storage - fetch - 21 ] : message [ fetch information @ account:000-000-0001 ]
[ INFO ] >>>  log-name [ storage.log ] : date [ 2025-08-14 16:12:46 ] : module [ storage - store - 41 ] : message [ store information @ account:000-000-0001 ]
[ INFO ] >>>  log-name [ storage.log ] : date [ 2025-08-14 16:15:05 ] : module [ storage - fetch - 25 ] : message [ fetch information @ account-list ]
[ INFO ] >>>  log-name [ storage.log ] : date [ 2025-08-14 16:15:05 ] : module [ storage - fetch - 25 ] : message [ fetch information @ account-list ]
[ INFO ] >>>  log-name [ storage.log ] : date [ 2025-08-14 16:15:15 ] : module [ storage - validate_id - 59 ] : message [ fetch information @ account:000-000-0001 ]
[ INFO ] >>>  log-name [ storage.log ] : date [ 2025-08-14 16:15:15 ] : module [ storage - fetch - 21 ] : message [ fetch information @ account:000-000-0001 ]
[ INFO ] >>>  log-name [ storage.log ] : date [ 2025-08-14 17:24:48 ] : module [ storage - fetch - 25 ] : message [ fetch information @ account-list ]
[ INFO ] >>>  log-name [ storage.log ] : date [ 2025-08-14 17:24:48 ] : module [ storage - fetch - 25 ] : message [ fetch information @ account-list ]
[ INFO ] >>>  log-name [ storage.log ] : date [ 2025-08-14 17:25:46 ] : module [ storage - fetch - 25 ] : message [ fetch information @ account-list ]
[ INFO ] >>>  log-name [ storage.log ] : date [ 2025-08-14 17:25:46 ] : module [ storage - fetch - 25 ] : message [ fetch information @ account-list ]
[ INFO ] >>>  log-name [ storage.log ] : date [ 2025-08-14 17:27:48 ] : module [ storage - fetch - 25 ] : message [ fetch information @ account-list ]
[ INFO ] >>>  log-name [ storage.log ] : date [ 2025-08-14 17:27:48 ] : module [ storage - fetch - 25 ] : message [ fetch information @ account-list ]
[ INFO ] >>>  log-name [ storage.log ] : date [ 2025-08-14 17:29:55 ] : module [ storage - store - 47 ] : message [ store information @ account-list ]
[ INFO ] >>>  log-name [ storage.log ] : date [ 2025-08-14 17:30:11 ] : module [ storage - fetch - 25 ] : message [ fetch information @ account-list ]
[ INFO ] >>>  log-name [ storage.log ] : date [ 2025-08-14 17:30:11 ] : module [ storage - fetch - 25 ] : message [ fetch information @ account-list ]
[ INFO ] >>>  log-name [ storage.log ] : date [ 2025-08-14 17:30:32 ] : module [ storage - store - 47 ] : message [ store information @ account-list ]
[ INFO ] >>>  log-name [ storage.log ] : date [ 2025-08-14 17:30:38 ] : module [ storage - fetch - 25 ] : message [ fetch information @ account-list ]
[ INFO ] >>>  log-name [ storage.log ] : date [ 2025-08-14 17:30:38 ] : module [ storage - fetch - 25 ] : message [ fetch information @ account-list ]
[ INFO ] >>>  log-name [ storage.log ] : date [ 2025-08-14 17:32:11 ] : module [ storage - fetch - 25 ] : message [ fetch information @ account-list ]
[ INFO ] >>>  log-name [ storage.log ] : date [ 2025-08-14 17:32:11 ] : module [ storage - fetch - 25 ] : message [ fetch information @ account-list ]
[ INFO ] >>>  log-name [ storage.log ] : date [ 2025-08-14 17:32:25 ] : module [ storage - store - 47 ] : message [ store information @ account-list ]
[ INFO ] >>>  log-name [ storage.log ] : date [ 2025-08-14 17:32:43 ] : module [ storage - store - 47 ] : message [ store information @ account-list ]
[ INFO ] >>>  log-name [ storage.log ] : date [ 2025-08-14 17:32:52 ] : module [ storage - store - 47 ] : message [ store information @ account-list ]
[ INFO ] >>>  log-name [ storage.log ] : date [ 2025-08-14 17:33:46 ] : module [ storage - fetch - 25 ] : message [ fetch information @ account-list ]
[ INFO ] >>>  log-name [ storage.log ] : date [ 2025-08-14 17:33:46 ] : module [ storage - fetch - 25 ] : message [ fetch information @ account-list ]
[ INFO ] >>>  log-name [ storage.log ] : date [ 2025-08-14 17:34:01 ] : module [ storage - store - 47 ] : message [ store information @ account-list ]
[ INFO ] >>>  log-name [ storage.log ] : date [ 2025-08-14 17:37:06 ] : module [ storage - fetch - 25 ] : message [ fetch information @ account-list ]
[ INFO ] >>>  log-name [ storage.log ] : date [ 2025-08-14 17:37:06 ] : module [ storage - fetch - 25 ] : message [ fetch information @ account-list ]
[ INFO ] >>>  log-name [ storage.log ] : date [ 2025-08-15 19:38:28 ] : module [ storage - fetch - 25 ] : message [ fetch information @ account-list ]
[ INFO ] >>>  log-name [ storage.log ] : date [ 2025-08-15 19:38:28 ] : module [ storage - fetch - 25 ] : message [ fetch information @ account-list ]
[ INFO ] >>>  log-name [ storage.log ] : date [ 2025-08-15 19:38:48 ] : module [ storage - store - 47 ] : message [ store information @ account-list ]
[ INFO ] >>>  log-name [ storage.log ] : date [ 2025-08-15 19:40:30 ] : module [ storage - fetch - 25 ] : message [ fetch information @ account-list ]
[ INFO ] >>>  log-name [ storage.log ] : date [ 2025-08-15 19:40:30 ] : module [ storage - fetch - 25 ] : message [ fetch information @ account-list ]
[ INFO ] >>>  log-name [ storage.log ] : date [ 2025-08-15 19:40:46 ] : module [ storage - store - 47 ] : message [ store information @ account-list ]
[ INFO ] >>>  log-name [ storage.log ] : date [ 2025-08-15 21:13:05 ] : module [ storage - fetch - 25 ] : message [ fetch information @ account-list ]
[ INFO ] >>>  log-name [ storage.log ] : date [ 2025-08-15 21:13:05 ] : module [ storage - fetch - 25 ] : message [ fetch information @ account-list ]
[ INFO ] >>>  log-name [ storage.log ] : date [ 2025-08-15 21:15:35 ] : module [ storage - fetch - 25 ] : message [ fetch information @ account-list ]
[ INFO ] >>>  log-name [ storage.log ] : date [ 2025-08-15 21:15:35 ] : module [ storage - fetch - 25 ] : message [ fetch information @ account-list ]
[ INFO ] >>>  log-name [ storage.log ] : date [ 2025-08-15 21:17:58 ] : module [ storage - fetch - 25 ] : message [ fetch information @ account-list ]
[ INFO ] >>>  log-name [ storage.log ] : date [ 2025-08-15 21:17:58 ] : module [ storage - fetch - 25 ] : message [ fetch information @ account-list ]
[ INFO ] >>>  log-name [ storage.log ] : date [ 2025-08-15 21:18:21 ] : module [ storage - store - 47 ] : message [ store information @ account-list ]
[ ERROR ] >>>  log-name [ storage.log ] : date [ 2025-08-15 21:18:21 ] : module [ storage - store - 51 ] : message [ File Error: Unable to Write File ]
Traceback (most recent call last):
  File "/home/savjaylade84/Documents/python_project/python-bank-system/storage_accounts_v3/storage.py", line 48, in store
    json.dump(data,open(f'storage_accounts_v3/account-list.json','w'),indent=4)
  File "/usr/lib/python3.12/json/__init__.py", line 179, in dump
    for chunk in iterable:
  File "/usr/lib/python3.12/json/encoder.py", line 432, in _iterencode
    yield from _iterencode_dict(o, _current_indent_level)
  File "/usr/lib/python3.12/json/encoder.py", line 406, in _iterencode_dict
    yield from chunks
  File "/usr/lib/python3.12/json/encoder.py", line 439, in _iterencode
    o = _default(o)
        ^^^^^^^^^^^
  File "/usr/lib/python3.12/json/encoder.py", line 180, in default
    raise TypeError(f'Object of type {o.__class__.__name__} '
TypeError: Object of type bytes is not JSON serializable
[ INFO ] >>>  log-name [ storage.log ] : date [ 2025-08-15 21:20:06 ] : module [ storage - fetch - 25 ] : message [ fetch information @ account-list ]
[ INFO ] >>>  log-name [ storage.log ] : date [ 2025-08-15 21:20:06 ] : module [ storage - fetch - 25 ] : message [ fetch information @ account-list ]
[ INFO ] >>>  log-name [ storage.log ] : date [ 2025-08-15 21:24:47 ] : module [ storage - fetch - 25 ] : message [ fetch information @ account-list ]
[ INFO ] >>>  log-name [ storage.log ] : date [ 2025-08-15 21:24:47 ] : module [ storage - fetch - 25 ] : message [ fetch information @ account-list ]
[ INFO ] >>>  log-name [ storage.log ] : date [ 2025-08-15 21:25:04 ] : module [ storage - store - 47 ] : message [ store information @ account-list ]
[ ERROR ] >>>  log-name [ storage.log ] : date [ 2025-08-15 21:25:04 ] : module [ storage - store - 51 ] : message [ File Error: Unable to Write File ]
Traceback (most recent call last):
  File "/home/savjaylade84/Documents/python_project/python-bank-system/storage_accounts_v3/storage.py", line 48, in store
    json.dump(data,open(f'storage_accounts_v3/account-list.json','w'),indent=4)
  File "/usr/lib/python3.12/json/__init__.py", line 179, in dump
    for chunk in iterable:
  File "/usr/lib/python3.12/json/encoder.py", line 432, in _iterencode
    yield from _iterencode_dict(o, _current_indent_level)
  File "/usr/lib/python3.12/json/encoder.py", line 406, in _iterencode_dict
    yield from chunks
  File "/usr/lib/python3.12/json/encoder.py", line 439, in _iterencode
    o = _default(o)
        ^^^^^^^^^^^
  File "/usr/lib/python3.12/json/encoder.py", line 180, in default
    raise TypeError(f'Object of type {o.__class__.__name__} '
TypeError: Object of type bytes is not JSON serializable
[ INFO ] >>>  log-name [ storage.log ] : date [ 2025-08-15 21:27:02 ] : module [ storage - fetch - 25 ] : message [ fetch information @ account-list ]
[ INFO ] >>>  log-name [ storage.log ] : date [ 2025-08-15 21:27:02 ] : module [ storage - fetch - 25 ] : message [ fetch information @ account-list ]
[ INFO ] >>>  log-name [ storage.log ] : date [ 2025-08-15 21:27:18 ] : module [ storage - store - 47 ] : message [ store information @ account-list ]
[ INFO ] >>>  log-name [ storage.log ] : date [ 2025-08-15 21:36:14 ] : module [ storage - fetch - 25 ] : message [ fetch information @ account-list ]
[ INFO ] >>>  log-name [ storage.log ] : date [ 2025-08-15 21:36:14 ] : module [ storage - fetch - 25 ] : message [ fetch information @ account-list ]
[ INFO ] >>>  log-name [ storage.log ] : date [ 2025-08-16 21:32:11 ] : module [ storage - fetch - 25 ] : message [ fetch information @ account-list ]
[ INFO ] >>>  log-name [ storage.log ] : date [ 2025-08-16 21:32:11 ] : module [ storage - fetch - 25 ] : message [ fetch information @ account-list ]
[ INFO ] >>>  log-name [ storage.log ] : date [ 2025-08-16 21:33:45 ] : module [ storage - fetch - 25 ] : message [ fetch information @ account-list ]
[ INFO ] >>>  log-name [ storage.log ] : date [ 2025-08-16 21:33:45 ] : module [ storage - fetch - 25 ] : message [ fetch information @ account-list ]
[ INFO ] >>>  log-name [ storage.log ] : date [ 2025-08-16 21:35:40 ] : module [ storage - fetch - 25 ] : message [ fetch information @ account-list ]
[ INFO ] >>>  log-name [ storage.log ] : date [ 2025-08-16 21:35:40 ] : module [ storage - fetch - 25 ] : message [ fetch information @ account-list ]
[ INFO ] >>>  log-name [ storage.log ] : date [ 2025-08-16 21:36:07 ] : module [ storage - fetch - 25 ] : message [ fetch information @ account-list ]
[ INFO ] >>>  log-name [ storage.log ] : date [ 2025-08-16 21:36:07 ] : module [ storage - fetch - 25 ] : message [ fetch information @ account-list ]
[ INFO ] >>>  log-name [ storage.log ] : date [ 2025-08-16 21:39:13 ] : module [ storage - fetch - 25 ] : message [ fetch information @ account-list ]
[ INFO ] >>>  log-name [ storage.log ] : date [ 2025-08-16 21:39:13 ] : module [ storage - fetch - 25 ] : message [ fetch information @ account-list ]
[ INFO ] >>>  log-name [ storage.log ] : date [ 2025-08-16 21:42:23 ] : module [ storage - fetch - 25 ] : message [ fetch information @ account-list ]
[ INFO ] >>>  log-name [ storage.log ] : date [ 2025-08-16 21:42:23 ] : module [ storage - fetch - 25 ] : message [ fetch information @ account-list ]
[ INFO ] >>>  log-name [ storage.log ] : date [ 2025-08-16 21:43:26 ] : module [ storage - fetch - 25 ] : message [ fetch information @ account-list ]
[ INFO ] >>>  log-name [ storage.log ] : date [ 2025-08-16 21:43:26 ] : module [ storage - fetch - 25 ] : message [ fetch information @ account-list ]
[ INFO ] >>>  log-name [ storage.log ] : date [ 2025-08-16 21:45:01 ] : module [ storage - fetch - 25 ] : message [ fetch information @ account-list ]
[ INFO ] >>>  log-name [ storage.log ] : date [ 2025-08-16 21:45:01 ] : module [ storage - fetch - 25 ] : message [ fetch information @ account-list ]
[ INFO ] >>>  log-name [ storage.log ] : date [ 2025-08-16 21:47:29 ] : module [ storage - fetch - 25 ] : message [ fetch information @ account-list ]
[ INFO ] >>>  log-name [ storage.log ] : date [ 2025-08-16 21:47:29 ] : module [ storage - fetch - 25 ] : message [ fetch information @ account-list ]
[ INFO ] >>>  log-name [ storage.log ] : date [ 2025-08-16 21:50:07 ] : module [ storage - fetch - 25 ] : message [ fetch information @ account-list ]
[ INFO ] >>>  log-name [ storage.log ] : date [ 2025-08-16 21:50:07 ] : module [ storage - fetch - 25 ] : message [ fetch information @ account-list ]
[ INFO ] >>>  log-name [ storage.log ] : date [ 2025-08-16 21:51:12 ] : module [ storage - fetch - 25 ] : message [ fetch information @ account-list ]
[ INFO ] >>>  log-name [ storage.log ] : date [ 2025-08-16 21:51:12 ] : module [ storage - fetch - 25 ] : message [ fetch information @ account-list ]
[ INFO ] >>>  log-name [ storage.log ] : date [ 2025-08-16 21:51:36 ] : module [ storage - fetch - 25 ] : message [ fetch information @ account-list ]
[ INFO ] >>>  log-name [ storage.log ] : date [ 2025-08-16 21:51:36 ] : module [ storage - fetch - 25 ] : message [ fetch information @ account-list ]
[ INFO ] >>>  log-name [ storage.log ] : date [ 2025-08-16 21:55:11 ] : module [ storage - fetch - 25 ] : message [ fetch information @ account-list ]
[ INFO ] >>>  log-name [ storage.log ] : date [ 2025-08-16 21:55:11 ] : module [ storage - fetch - 25 ] : message [ fetch information @ account-list ]
[ INFO ] >>>  log-name [ storage.log ] : date [ 2025-08-16 22:17:00 ] : module [ storage - fetch - 25 ] : message [ fetch information @ account-list ]
[ INFO ] >>>  log-name [ storage.log ] : date [ 2025-08-16 22:17:00 ] : module [ storage - fetch - 25 ] : message [ fetch information @ account-list ]
[ INFO ] >>>  log-name [ storage.log ] : date [ 2025-08-16 22:19:21 ] : module [ storage - fetch - 25 ] : message [ fetch information @ account-list ]
[ INFO ] >>>  log-name [ storage.log ] : date [ 2025-08-16 22:19:21 ] : module [ storage - fetch - 25 ] : message [ fetch information @ account-list ]
[ INFO ] >>>  log-name [ storage.log ] : date [ 2025-08-16 22:20:03 ] : module [ storage - fetch - 25 ] : message [ fetch information @ account-list ]
[ INFO ] >>>  log-name [ storage.log ] : date [ 2025-08-16 22:20:03 ] : module [ storage - fetch - 25 ] : message [ fetch information @ account-list ]
[ INFO ] >>>  log-name [ storage.log ] : date [ 2025-08-16 22:20:30 ] : module [ storage - fetch - 25 ] : message [ fetch information @ account-list ]
[ INFO ] >>>  log-name [ storage.log ] : date [ 2025-08-16 22:20:30 ] : module [ storage - fetch - 25 ] : message [ fetch information @ account-list ]
[ INFO ] >>>  log-name [ storage.log ] : date [ 2025-08-16 22:20:59 ] : module [ storage - fetch - 25 ] : message [ fetch information @ account-list ]
[ INFO ] >>>  log-name [ storage.log ] : date [ 2025-08-16 22:20:59 ] : module [ storage - fetch - 25 ] : message [ fetch information @ account-list ]
[ INFO ] >>>  log-name [ storage.log ] : date [ 2025-08-16 22:23:54 ] : module [ storage - fetch - 25 ] : message [ fetch information @ account-list ]
[ INFO ] >>>  log-name [ storage.log ] : date [ 2025-08-16 22:23:54 ] : module [ storage - fetch - 25 ] : message [ fetch information @ account-list ]
[ INFO ] >>>  log-name [ storage.log ] : date [ 2025-08-16 22:24:50 ] : module [ storage - fetch - 25 ] : message [ fetch information @ account-list ]
[ INFO ] >>>  log-name [ storage.log ] : date [ 2025-08-16 22:24:50 ] : module [ storage - fetch - 25 ] : message [ fetch information @ account-list ]
[ INFO ] >>>  log-name [ storage.log ] : date [ 2025-08-16 22:26:04 ] : module [ storage - fetch - 25 ] : message [ fetch information @ account-list ]
[ INFO ] >>>  log-name [ storage.log ] : date [ 2025-08-16 22:26:04 ] : module [ storage - fetch - 25 ] : message [ fetch information @ account-list ]
[ INFO ] >>>  log-name [ storage.log ] : date [ 2025-08-16 22:26:55 ] : module [ storage - fetch - 25 ] : message [ fetch information @ account-list ]
[ INFO ] >>>  log-name [ storage.log ] : date [ 2025-08-16 22:26:55 ] : module [ storage - fetch - 25 ] : message [ fetch information @ account-list ]
[ INFO ] >>>  log-name [ storage.log ] : date [ 2025-08-16 22:27:50 ] : module [ storage - fetch - 25 ] : message [ fetch information @ account-list ]
[ INFO ] >>>  log-name [ storage.log ] : date [ 2025-08-16 22:27:50 ] : module [ storage - fetch - 25 ] : message [ fetch information @ account-list ]
[ INFO ] >>>  log-name [ storage.log ] : date [ 2025-08-16 22:28:52 ] : module [ storage - fetch - 25 ] : message [ fetch information @ account-list ]
[ INFO ] >>>  log-name [ storage.log ] : date [ 2025-08-16 22:28:52 ] : module [ storage - fetch - 25 ] : message [ fetch information @ account-list ]
[ INFO ] >>>  log-name [ storage.log ] : date [ 2025-08-16 22:29:39 ] : module [ storage - fetch - 25 ] : message [ fetch information @ account-list ]
[ INFO ] >>>  log-name [ storage.log ] : date [ 2025-08-16 22:29:39 ] : module [ storage - fetch - 25 ] : message [ fetch information @ account-list ]
[ INFO ] >>>  log-name [ storage.log ] : date [ 2025-08-16 22:30:23 ] : module [ storage - fetch - 25 ] : message [ fetch information @ account-list ]
[ INFO ] >>>  log-name [ storage.log ] : date [ 2025-08-16 22:30:23 ] : module [ storage - fetch - 25 ] : message [ fetch information @ account-list ]
[ INFO ] >>>  log-name [ storage.log ] : date [ 2025-08-26 21:37:34 ] : module [ storage - validate_id - 70 ] : message [ fetch information @ account:dummy ]
[ ERROR ] >>>  log-name [ storage.log ] : date [ 2025-08-26 21:37:34 ] : module [ storage - validate_id - 73 ] : message [ File Error: Non-existing File ]
Traceback (most recent call last):
  File "/home/savjaylade84/Documents/python_project/python-bank-system/storage_accounts_v3/storage.py", line 71, in validate_id
    temp = json.load(open(f'storage_accounts_v3/account-{id}.json','r'))
                     ^^^^^^^^^^^^^^^^^^^^^^^^^^^^^^^^^^^^^^^^^^^^^^^^^^
FileNotFoundError: [Errno 2] No such file or directory: 'storage_accounts_v3/account-dummy.json'
[ INFO ] >>>  log-name [ storage.log ] : date [ 2025-08-26 21:38:11 ] : module [ storage - validate_id - 70 ] : message [ fetch information @ account:dummy ]
[ ERROR ] >>>  log-name [ storage.log ] : date [ 2025-08-26 21:38:11 ] : module [ storage - validate_id - 73 ] : message [ File Error: Non-existing File ]
Traceback (most recent call last):
  File "/home/savjaylade84/Documents/python_project/python-bank-system/storage_accounts_v3/storage.py", line 71, in validate_id
    temp = json.load(open(f'storage_accounts_v3/account-{id}.json','r'))
                     ^^^^^^^^^^^^^^^^^^^^^^^^^^^^^^^^^^^^^^^^^^^^^^^^^^
FileNotFoundError: [Errno 2] No such file or directory: 'storage_accounts_v3/account-dummy.json'
[ INFO ] >>>  log-name [ storage.log ] : date [ 2025-08-26 21:40:50 ] : module [ storage - validate_id - 77 ] : message [ fetch information @ account:dummy ]
[ ERROR ] >>>  log-name [ storage.log ] : date [ 2025-08-26 21:40:50 ] : module [ storage - validate_id - 80 ] : message [ File Error: Non-existing File ]
Traceback (most recent call last):
  File "/home/savjaylade84/Documents/python_project/python-bank-system/storage_accounts_v3/storage.py", line 78, in validate_id
    temp = json.load(open(f'storage_accounts_v3/account-{id}.json','r'))
                     ^^^^^^^^^^^^^^^^^^^^^^^^^^^^^^^^^^^^^^^^^^^^^^^^^^
FileNotFoundError: [Errno 2] No such file or directory: 'storage_accounts_v3/account-dummy.json'
[ INFO ] >>>  log-name [ storage.log ] : date [ 2025-08-26 21:43:44 ] : module [ storage - validate_id - 77 ] : message [ fetch information @ account:dummy ]
[ ERROR ] >>>  log-name [ storage.log ] : date [ 2025-08-26 21:43:44 ] : module [ storage - validate_id - 80 ] : message [ File Error: Non-existing File ]
Traceback (most recent call last):
  File "/home/savjaylade84/Documents/python_project/python-bank-system/storage_accounts_v3/storage.py", line 78, in validate_id
    temp = json.load(open(f'storage_accounts_v3/account-{id}.json','r'))
                     ^^^^^^^^^^^^^^^^^^^^^^^^^^^^^^^^^^^^^^^^^^^^^^^^^^
FileNotFoundError: [Errno 2] No such file or directory: 'storage_accounts_v3/account-dummy.json'
[ INFO ] >>>  log-name [ storage.log ] : date [ 2025-08-26 21:44:08 ] : module [ storage - validate_id - 74 ] : message [ fetch information @ account:dummy ]
[ ERROR ] >>>  log-name [ storage.log ] : date [ 2025-08-26 21:44:08 ] : module [ storage - validate_id - 77 ] : message [ File Error: Non-existing File ]
Traceback (most recent call last):
  File "/home/savjaylade84/Documents/python_project/python-bank-system/storage_accounts_v3/storage.py", line 75, in validate_id
    temp = json.load(open(f'storage_accounts_v3/account-{id}.json','r'))
                     ^^^^^^^^^^^^^^^^^^^^^^^^^^^^^^^^^^^^^^^^^^^^^^^^^^
FileNotFoundError: [Errno 2] No such file or directory: 'storage_accounts_v3/account-dummy.json'
[ INFO ] >>>  log-name [ storage.log ] : date [ 2025-08-26 21:44:57 ] : module [ storage - validate_id - 74 ] : message [ fetch information @ account:dummy ]
[ ERROR ] >>>  log-name [ storage.log ] : date [ 2025-08-26 21:44:57 ] : module [ storage - validate_id - 77 ] : message [ File Error: Non-existing File ]
Traceback (most recent call last):
  File "/home/savjaylade84/Documents/python_project/python-bank-system/storage_accounts_v3/storage.py", line 75, in validate_id
    temp = json.load(open(f'storage_accounts_v3/account-{id}.json','r'))
                     ^^^^^^^^^^^^^^^^^^^^^^^^^^^^^^^^^^^^^^^^^^^^^^^^^^
FileNotFoundError: [Errno 2] No such file or directory: 'storage_accounts_v3/account-dummy.json'
[ INFO ] >>>  log-name [ storage.log ] : date [ 2025-08-26 21:46:04 ] : module [ storage - validate_id - 74 ] : message [ fetch information @ account:dummy ]
[ ERROR ] >>>  log-name [ storage.log ] : date [ 2025-08-26 21:46:04 ] : module [ storage - validate_id - 77 ] : message [ File Error: Non-existing File ]
Traceback (most recent call last):
  File "/home/savjaylade84/Documents/python_project/python-bank-system/storage_accounts_v3/storage.py", line 75, in validate_id
    temp = json.load(open(f'storage_accounts_v3/account-{id}.json','r'))
                     ^^^^^^^^^^^^^^^^^^^^^^^^^^^^^^^^^^^^^^^^^^^^^^^^^^
FileNotFoundError: [Errno 2] No such file or directory: 'storage_accounts_v3/account-dummy.json'
[ INFO ] >>>  log-name [ storage.log ] : date [ 2025-08-26 21:46:24 ] : module [ storage - validate_id - 74 ] : message [ fetch information @ account:dummy ]
[ ERROR ] >>>  log-name [ storage.log ] : date [ 2025-08-26 21:46:24 ] : module [ storage - validate_id - 77 ] : message [ File Error: Non-existing File ]
Traceback (most recent call last):
  File "/home/savjaylade84/Documents/python_project/python-bank-system/storage_accounts_v3/storage.py", line 75, in validate_id
    temp = json.load(open(f'storage_accounts_v3/account-{id}.json','r'))
                     ^^^^^^^^^^^^^^^^^^^^^^^^^^^^^^^^^^^^^^^^^^^^^^^^^^
FileNotFoundError: [Errno 2] No such file or directory: 'storage_accounts_v3/account-dummy.json'
[ INFO ] >>>  log-name [ storage.log ] : date [ 2025-08-26 21:46:36 ] : module [ storage - validate_id - 74 ] : message [ fetch information @ account:dummy ]
[ ERROR ] >>>  log-name [ storage.log ] : date [ 2025-08-26 21:46:36 ] : module [ storage - validate_id - 77 ] : message [ File Error: Non-existing File ]
Traceback (most recent call last):
  File "/home/savjaylade84/Documents/python_project/python-bank-system/storage_accounts_v3/storage.py", line 75, in validate_id
    temp = json.load(open(f'storage_accounts_v3/account-{id}.json','r'))
                     ^^^^^^^^^^^^^^^^^^^^^^^^^^^^^^^^^^^^^^^^^^^^^^^^^^
FileNotFoundError: [Errno 2] No such file or directory: 'storage_accounts_v3/account-dummy.json'
[ INFO ] >>>  log-name [ storage.log ] : date [ 2025-08-26 21:47:30 ] : module [ storage - validate_id - 74 ] : message [ fetch information @ account:dummy ]
[ ERROR ] >>>  log-name [ storage.log ] : date [ 2025-08-26 21:47:30 ] : module [ storage - validate_id - 77 ] : message [ File Error: Non-existing File ]
Traceback (most recent call last):
  File "/home/savjaylade84/Documents/python_project/python-bank-system/storage_accounts_v3/storage.py", line 75, in validate_id
    temp = json.load(open(f'storage_accounts_v3/account-{id}.json','r'))
                     ^^^^^^^^^^^^^^^^^^^^^^^^^^^^^^^^^^^^^^^^^^^^^^^^^^
FileNotFoundError: [Errno 2] No such file or directory: 'storage_accounts_v3/account-dummy.json'
[ INFO ] >>>  log-name [ storage.log ] : date [ 2025-08-26 21:49:08 ] : module [ storage - validate_id - 72 ] : message [ fetch information @ account:dummy ]
[ ERROR ] >>>  log-name [ storage.log ] : date [ 2025-08-26 21:49:08 ] : module [ storage - validate_id - 75 ] : message [ File Error: Non-existing File ]
Traceback (most recent call last):
  File "/home/savjaylade84/Documents/python_project/python-bank-system/storage_accounts_v3/storage.py", line 73, in validate_id
    temp = json.load(open(f'storage_accounts_v3/account-{id}.json','r'))
                     ^^^^^^^^^^^^^^^^^^^^^^^^^^^^^^^^^^^^^^^^^^^^^^^^^^
FileNotFoundError: [Errno 2] No such file or directory: 'storage_accounts_v3/account-dummy.json'
[ INFO ] >>>  log-name [ storage.log ] : date [ 2025-08-26 21:50:44 ] : module [ storage - validate_id - 72 ] : message [ fetch information @ account:dummy ]
[ INFO ] >>>  log-name [ storage.log ] : date [ 2025-08-26 21:53:03 ] : module [ storage - validate_id - 75 ] : message [ fetch information @ account:dummy ]
[ INFO ] >>>  log-name [ storage.log ] : date [ 2025-08-26 21:53:03 ] : module [ storage - delete - 65 ] : message [ File Execution: Failed to Deleting Account-dummy ]
[ INFO ] >>>  log-name [ storage.log ] : date [ 2025-08-26 21:54:38 ] : module [ storage - validate_id - 74 ] : message [ fetch information @ account:dummy ]
[ INFO ] >>>  log-name [ storage.log ] : date [ 2025-08-26 21:54:38 ] : module [ storage - delete - 64 ] : message [ File Execution: Failed to Deleting Account-dummy ]
[ INFO ] >>>  log-name [ storage.log ] : date [ 2025-08-26 21:57:14 ] : module [ storage - validate_id - 74 ] : message [ fetch information @ account:dummy ]
[ INFO ] >>>  log-name [ storage.log ] : date [ 2025-08-26 21:57:14 ] : module [ storage - delete - 64 ] : message [ File Execution: Failed to Deleting Account-dummy ]
[ INFO ] >>>  log-name [ storage.log ] : date [ 2025-08-26 21:57:35 ] : module [ storage - validate_id - 74 ] : message [ fetch information @ account:dummy ]
[ INFO ] >>>  log-name [ storage.log ] : date [ 2025-08-26 21:57:35 ] : module [ storage - delete - 64 ] : message [ File Execution: Failed to Deleting Account-dummy ]
[ INFO ] >>>  log-name [ storage.log ] : date [ 2025-08-26 21:59:59 ] : module [ storage - validate_id - 74 ] : message [ fetch information @ account:dummy ]
[ INFO ] >>>  log-name [ storage.log ] : date [ 2025-08-26 21:59:59 ] : module [ storage - delete - 64 ] : message [ File Execution: Failed to Deleting Account-dummy ]
[ INFO ] >>>  log-name [ storage.log ] : date [ 2025-08-26 22:03:07 ] : module [ storage - validate_id - 75 ] : message [ fetch information @ account:dummy ]
[ INFO ] >>>  log-name [ storage.log ] : date [ 2025-08-26 22:03:07 ] : module [ storage - delete - 64 ] : message [ File Execution: Failed to Deleting Account-dummy ]
[ INFO ] >>>  log-name [ storage.log ] : date [ 2025-08-26 22:06:49 ] : module [ storage - validate_id - 74 ] : message [ fetch information @ account:dummy ]
[ INFO ] >>>  log-name [ storage.log ] : date [ 2025-08-26 22:07:12 ] : module [ storage - validate_id - 74 ] : message [ fetch information @ account:dummy ]
[ INFO ] >>>  log-name [ storage.log ] : date [ 2025-08-26 22:07:12 ] : module [ storage - delete - 61 ] : message [ File Execution: Success Deleting Account-dummy ]
[ INFO ] >>>  log-name [ storage.log ] : date [ 2025-08-26 22:21:11 ] : module [ storage - validate_id - 83 ] : message [ fetch information @ account:dummy ]
[ INFO ] >>>  log-name [ storage.log ] : date [ 2025-08-26 22:24:17 ] : module [ storage - validate_id - 85 ] : message [ fetch information @ account:dummy ]
[ INFO ] >>>  log-name [ storage.log ] : date [ 2025-08-26 22:24:17 ] : module [ storage - delete - 72 ] : message [ File Execution: Success Deleting Account-dummy ]
[ INFO ] >>>  log-name [ storage.log ] : date [ 2025-08-26 22:50:07 ] : module [ storage - validate_id - 88 ] : message [ fetch information @ account:dummy ]
[ INFO ] >>>  log-name [ storage.log ] : date [ 2025-08-26 22:50:07 ] : module [ storage - delete - 78 ] : message [ File Execution: Failed to Deleting Account-dummy ]
[ INFO ] >>>  log-name [ storage.log ] : date [ 2025-08-26 22:50:49 ] : module [ storage - validate_id - 88 ] : message [ fetch information @ account:dummy ]
[ INFO ] >>>  log-name [ storage.log ] : date [ 2025-08-26 22:50:49 ] : module [ storage - delete - 75 ] : message [ File Execution: Success Deleting Account-dummy ]
[ INFO ] >>>  log-name [ storage.log ] : date [ 2025-08-30 18:04:30 ] : module [ storage - validate_id - 88 ] : message [ fetch information @ account:dummy ]
[ INFO ] >>>  log-name [ storage.log ] : date [ 2025-08-30 18:04:30 ] : module [ storage - delete - 78 ] : message [ File Execution: Failed to Deleting Account-dummy ]
[ INFO ] >>>  log-name [ storage.log ] : date [ 2025-08-30 18:20:44 ] : module [ storage - validate_id - 95 ] : message [ fetch information @ account:dummy ]
[ INFO ] >>>  log-name [ storage.log ] : date [ 2025-08-30 18:20:44 ] : module [ storage - delete - 85 ] : message [ File Execution: Failed to Deleting Account-dummy ]
[ INFO ] >>>  log-name [ storage.log ] : date [ 2025-08-30 18:23:43 ] : module [ storage - validate_id - 95 ] : message [ fetch information @ account:dummy ]
[ INFO ] >>>  log-name [ storage.log ] : date [ 2025-08-30 18:23:43 ] : module [ storage - delete - 85 ] : message [ File Execution: Failed to Deleting Account-dummy ]
[ INFO ] >>>  log-name [ storage.log ] : date [ 2025-08-30 18:30:42 ] : module [ storage - fetch - 26 ] : message [ fetch information @ account-list ]
[ INFO ] >>>  log-name [ storage.log ] : date [ 2025-08-30 18:30:42 ] : module [ storage - fetch - 26 ] : message [ fetch information @ account-list ]
[ INFO ] >>>  log-name [ storage.log ] : date [ 2025-08-30 18:31:32 ] : module [ storage - fetch - 26 ] : message [ fetch information @ account-list ]
[ INFO ] >>>  log-name [ storage.log ] : date [ 2025-08-30 18:31:32 ] : module [ storage - fetch - 26 ] : message [ fetch information @ account-list ]
[ INFO ] >>>  log-name [ storage.log ] : date [ 2025-08-30 18:32:28 ] : module [ storage - store - 47 ] : message [ store information @ account-list ]
