[ INFO ] >>>  log-name [ transaction.log ] : date [ 2022-09-26 02:19:18 ] : Transaction [ account:000-000-0001 => [Deposite]: Starting ]
[ INFO ] >>>  log-name [ transaction.log ] : date [ 2022-09-26 02:19:23 ] : Transaction [ account:000-000-0001 => [Deposite]: Successful ]
[ INFO ] >>>  log-name [ transaction.log ] : date [ 2022-09-26 02:19:23 ] : Transaction [ account:000-000-0001 => [Deposite]: Ended ]
[ INFO ] >>>  log-name [ transaction.log ] : date [ 2022-09-26 02:19:31 ] : Transaction [ account:000-000-0001 => [Withdraw]: Starting ]
[ INFO ] >>>  log-name [ transaction.log ] : date [ 2022-09-26 02:19:35 ] : Transaction [ account:000-000-0001 => [Withdraw]: Successful ]
[ INFO ] >>>  log-name [ transaction.log ] : date [ 2022-09-26 02:19:35 ] : Transaction [ account:000-000-0001 => [Withdraw]: Ended ]
[ INFO ] >>>  log-name [ transaction.log ] : date [ 2022-09-26 02:19:38 ] : Transaction [ account:000-000-0001 => [Balance]: Show ]
[ INFO ] >>>  log-name [ transaction.log ] : date [ 2022-09-26 02:19:41 ] : Transaction [ account:000-000-0001 => [Transaction History]: Show ]
[ INFO ] >>>  log-name [ transaction.log ] : date [ 2022-09-27 01:18:28 ] : Transaction [ account:000-000-0001 => [Transaction History]: Show ]
[ INFO ] >>>  log-name [ transaction.log ] : date [ 2024-06-17 03:16:21 ] : Transaction [ account:074-574-9037 => [Deposite]: Starting ]
[ INFO ] >>>  log-name [ transaction.log ] : date [ 2024-06-17 03:21:50 ] : Transaction [ account:074-574-9037 => [Deposite]: Starting ]
[ INFO ] >>>  log-name [ transaction.log ] : date [ 2024-06-17 03:22:04 ] : Transaction [ account:074-574-9037 => [Deposite]: Successful ]
[ INFO ] >>>  log-name [ transaction.log ] : date [ 2024-06-17 03:22:04 ] : Transaction [ account:074-574-9037 => [Deposite]: Ended ]
[ INFO ] >>>  log-name [ transaction.log ] : date [ 2024-06-17 03:22:10 ] : Transaction [ account:074-574-9037 => [Withdraw]: Starting ]
[ INFO ] >>>  log-name [ transaction.log ] : date [ 2024-06-17 03:22:18 ] : Transaction [ account:074-574-9037 => [Withdraw]: Successful ]
[ INFO ] >>>  log-name [ transaction.log ] : date [ 2024-06-17 03:22:18 ] : Transaction [ account:074-574-9037 => [Withdraw]: Ended ]
[ INFO ] >>>  log-name [ transaction.log ] : date [ 2024-06-17 03:22:24 ] : Transaction [ account:074-574-9037 => [Balance]: Show ]
[ INFO ] >>>  log-name [ transaction.log ] : date [ 2024-06-17 03:22:28 ] : Transaction [ account:074-574-9037 => [Transaction History]: Show ]
[ INFO ] >>>  log-name [ transaction.log ] : date [ 2025-08-14 15:59:31 ] : Transaction [ account:000-000-0001 => [Transaction History]: Show ]
[ INFO ] >>>  log-name [ transaction.log ] : date [ 2025-08-14 15:59:47 ] : Transaction [ account:000-000-0001 => [Balance]: Show ]
[ INFO ] >>>  log-name [ transaction.log ] : date [ 2025-08-14 15:59:53 ] : Transaction [ account:000-000-0001 => [Deposite]: Starting ]
[ INFO ] >>>  log-name [ transaction.log ] : date [ 2025-08-14 16:00:09 ] : Transaction [ account:000-000-0001 => [Deposite]: Successful ]
[ INFO ] >>>  log-name [ transaction.log ] : date [ 2025-08-14 16:00:09 ] : Transaction [ account:000-000-0001 => [Deposite]: Ended ]
[ INFO ] >>>  log-name [ transaction.log ] : date [ 2025-08-14 16:12:41 ] : Transaction [ account:000-000-0001 => [Deposite]: Starting ]
[ INFO ] >>>  log-name [ transaction.log ] : date [ 2025-08-14 16:12:46 ] : Transaction [ account:000-000-0001 => [Deposite]: Successful ]
[ INFO ] >>>  log-name [ transaction.log ] : date [ 2025-08-14 16:12:46 ] : Transaction [ account:000-000-0001 => [Deposite]: Ended ]
[ INFO ] >>>  log-name [ transaction.log ] : date [ 2025-08-14 16:12:50 ] : Transaction [ account:000-000-0001 => [Balance]: Show ]
[ INFO ] >>>  log-name [ transaction.log ] : date [ 2025-08-14 16:12:55 ] : Transaction [ account:000-000-0001 => [Transaction History]: Show ]
